time=2024-08-11T14:49:20.178+05:00 level=INFO msg="UpdateProfile handler is starting"
time=2024-08-11T14:49:20.180+05:00 level=ERROR msg="error updating user: rpc error: code = Unavailable desc = connection error: desc = \"error reading server preface: http2: frame too large\""
time=2024-08-11T14:49:33.725+05:00 level=INFO msg="GetProfile handler is starting"
time=2024-08-11T14:49:33.726+05:00 level=ERROR msg="error getting user: rpc error: code = Unavailable desc = connection error: desc = \"error reading server preface: http2: frame too large\""
time=2024-08-11T14:52:14.939+05:00 level=INFO msg="GetProfile handler is starting"
time=2024-08-11T14:52:14.946+05:00 level=ERROR msg="error getting user: rpc error: code = Unavailable desc = error reading from server: EOF"
time=2024-08-11T14:53:41.985+05:00 level=INFO msg="UpdateProfile handler is starting"
time=2024-08-11T14:53:41.986+05:00 level=ERROR msg="error updating user: rpc error: code = Unavailable desc = connection error: desc = \"transport: Error while dialing: dial tcp 127.0.0.1:50051: connect: connection refused\""
time=2024-08-11T14:53:58.177+05:00 level=INFO msg="UpdateProfile handler is starting"
time=2024-08-11T14:53:58.185+05:00 level=ERROR msg="error updating user: rpc error: code = Unknown desc = failed to update profile: pq: could not determine data type of parameter $5"
time=2024-08-11T14:54:55.649+05:00 level=INFO msg="UpdateProfile handler is starting"
time=2024-08-11T14:54:55.652+05:00 level=ERROR msg="error updating user: rpc error: code = Unknown desc = failed to update profile: sql: expected 7 destination arguments in Scan, not 6"
time=2024-08-11T14:55:24.302+05:00 level=INFO msg="UpdateProfile handler is starting"
time=2024-08-11T14:55:24.310+05:00 level=INFO msg="UpdateProfile handler is completed"
time=2024-08-11T14:55:34.300+05:00 level=INFO msg="GetProfile handler is starting"
time=2024-08-11T14:55:34.306+05:00 level=ERROR msg="error getting user: rpc error: code = Unavailable desc = error reading from server: EOF"
time=2024-08-11T14:57:36.184+05:00 level=INFO msg="GetProfile handler is starting"
time=2024-08-11T14:57:36.190+05:00 level=ERROR msg="error getting user: rpc error: code = Unavailable desc = error reading from server: EOF"
time=2024-08-11T14:59:44.700+05:00 level=INFO msg="GetProfile handler is starting"
time=2024-08-11T14:59:44.706+05:00 level=ERROR msg="error getting user: rpc error: code = Unavailable desc = error reading from server: EOF"
time=2024-08-11T15:01:25.566+05:00 level=INFO msg="GetProfile handler is starting"
time=2024-08-11T15:01:25.572+05:00 level=ERROR msg="error getting user: rpc error: code = Unavailable desc = error reading from server: EOF"
time=2024-08-11T15:08:06.571+05:00 level=INFO msg="FetchUsers handler is invoked"
time=2024-08-11T15:08:06.572+05:00 level=ERROR msg="error fetching users: rpc error: code = Unavailable desc = connection error: desc = \"transport: Error while dialing: dial tcp 127.0.0.1:50051: connect: connection refused\""
time=2024-08-11T15:08:15.940+05:00 level=INFO msg="FetchUsers handler is invoked"
time=2024-08-11T15:08:15.942+05:00 level=INFO msg="FetchUsers handler is completed"
time=2024-08-11T15:09:09.916+05:00 level=INFO msg="GetProfile handler is starting"
time=2024-08-11T15:09:09.923+05:00 level=ERROR msg="error getting user: rpc error: code = Unavailable desc = error reading from server: EOF"
time=2024-08-11T15:09:23.412+05:00 level=INFO msg="UpdateProfile handler is starting"
time=2024-08-11T15:09:23.412+05:00 level=ERROR msg="error updating user: rpc error: code = Unavailable desc = connection error: desc = \"transport: Error while dialing: dial tcp 127.0.0.1:50051: connect: connection refused\""
time=2024-08-11T15:09:32.362+05:00 level=INFO msg="UpdateProfile handler is starting"
time=2024-08-11T15:09:32.363+05:00 level=ERROR msg="error updating user: rpc error: code = Unavailable desc = connection error: desc = \"transport: Error while dialing: dial tcp 127.0.0.1:50051: connect: connection refused\""
time=2024-08-11T15:09:36.042+05:00 level=INFO msg="UpdateProfile handler is starting"
time=2024-08-11T15:09:36.050+05:00 level=INFO msg="UpdateProfile handler is completed"
time=2024-08-11T15:09:51.308+05:00 level=INFO msg="DeleteUser handler is invoked"
time=2024-08-11T15:09:51.317+05:00 level=INFO msg="DeleteUser handler is completed"
time=2024-08-13T12:55:56.103+05:00 level=INFO msg="GetBooking handler is starting"
time=2024-08-13T12:55:56.110+05:00 level=ERROR msg="error getting booking: rpc error: code = Unknown desc = invalid booking ID: the provided hex string is not a valid ObjectID"
time=2024-08-13T12:57:16.203+05:00 level=INFO msg="CreateReview handler is starting"
time=2024-08-13T12:57:16.216+05:00 level=INFO msg="CreateReview handler is completed"
time=2024-08-13T12:57:30.523+05:00 level=INFO msg="GetProfile handler is starting"
time=2024-08-13T12:57:30.531+05:00 level=ERROR msg="error getting user: rpc error: code = Unavailable desc = error reading from server: EOF"
time=2024-08-13T14:14:13.389+05:00 level=INFO msg="RegisterProvider handler is starting"
time=2024-08-13T14:14:13.404+05:00 level=INFO msg="RegisterProvider handler is completed"
time=2024-08-13T14:16:53.459+05:00 level=INFO msg="ListProviders handler is starting"
time=2024-08-13T14:16:53.461+05:00 level=INFO msg="ListProviders handler is completed"
time=2024-08-13T14:17:07.422+05:00 level=INFO msg="GetProvider handler is starting"
time=2024-08-13T14:17:07.423+05:00 level=INFO msg="GetProvider handler is completed"
time=2024-08-13T14:17:27.200+05:00 level=INFO msg="UpdateProvider handler is starting"
time=2024-08-13T14:17:27.202+05:00 level=INFO msg="UpdateProvider handler is completed"
time=2024-08-13T14:17:33.626+05:00 level=INFO msg="DeleteProvider handler is starting"
time=2024-08-13T14:17:33.627+05:00 level=INFO msg="DeleteProvider handler is completed"
time=2024-08-13T14:17:43.652+05:00 level=INFO msg="DeleteProvider handler is starting"
time=2024-08-13T14:17:43.652+05:00 level=INFO msg="DeleteProvider handler is completed"
time=2024-08-13T14:18:42.895+05:00 level=INFO msg="RegisterProvider handler is starting"
time=2024-08-13T14:18:42.896+05:00 level=INFO msg="RegisterProvider handler is completed"
time=2024-08-13T14:19:12.773+05:00 level=INFO msg="CreateBooking handler is starting"
time=2024-08-13T14:19:12.775+05:00 level=ERROR msg="error creating booking: rpc error: code = Unknown desc = invalid service ID format: the provided hex string is not a valid ObjectID"
time=2024-08-13T14:21:43.180+05:00 level=INFO msg="CreateService handler is starting"
time=2024-08-13T14:21:43.194+05:00 level=INFO msg="CreateService handler is completed"
time=2024-08-13T14:21:58.218+05:00 level=INFO msg="CreateBooking handler is starting"
time=2024-08-13T14:21:58.219+05:00 level=ERROR msg="error creating booking: rpc error: code = Unknown desc = service not found"
time=2024-08-13T14:23:48.931+05:00 level=INFO msg="ListProviders handler is starting"
time=2024-08-13T14:23:48.932+05:00 level=INFO msg="ListProviders handler is completed"
time=2024-08-13T14:23:58.173+05:00 level=INFO msg="CreateBooking handler is starting"
time=2024-08-13T14:23:58.174+05:00 level=ERROR msg="error creating booking: rpc error: code = Unknown desc = service not found"
time=2024-08-13T14:24:19.203+05:00 level=INFO msg="GetBooking handler is starting"
time=2024-08-13T14:24:19.204+05:00 level=ERROR msg="error getting booking: rpc error: code = Unknown desc = invalid booking ID: the provided hex string is not a valid ObjectID"
time=2024-08-13T14:35:24.265+05:00 level=INFO msg="CreateBooking handler is starting"
time=2024-08-13T14:35:24.267+05:00 level=ERROR msg="error creating booking: rpc error: code = Unknown desc = service not found"
time=2024-08-13T14:38:59.405+05:00 level=INFO msg="CreateBooking handler is starting"
time=2024-08-13T14:38:59.406+05:00 level=ERROR msg="error creating booking: rpc error: code = Unknown desc = service not found"
time=2024-08-13T14:39:36.659+05:00 level=INFO msg="CreateBooking handler is starting"
time=2024-08-13T14:39:36.661+05:00 level=ERROR msg="error creating booking: rpc error: code = Unknown desc = service not found"
time=2024-08-13T14:46:31.623+05:00 level=INFO msg="CreateBooking handler is starting"
time=2024-08-13T14:46:31.637+05:00 level=INFO msg="CreateBooking handler is completed"
time=2024-08-13T14:46:53.181+05:00 level=INFO msg="GetBooking handler is starting"
time=2024-08-13T14:46:53.182+05:00 level=ERROR msg="error getting booking: rpc error: code = Unknown desc = invalid booking ID: the provided hex string is not a valid ObjectID"
time=2024-08-13T14:51:48.382+05:00 level=INFO msg="GetBooking handler is starting"
time=2024-08-13T14:51:48.383+05:00 level=ERROR msg="error getting booking: rpc error: code = Unknown desc = invalid booking ID: the provided hex string is not a valid ObjectID"
time=2024-08-13T14:53:13.105+05:00 level=INFO msg="GetBooking handler is starting"
time=2024-08-13T14:53:13.108+05:00 level=INFO msg="GetBooking handler is completed"
time=2024-08-13T14:56:57.214+05:00 level=INFO msg="GetBooking handler is starting"
time=2024-08-13T14:56:57.215+05:00 level=INFO msg="GetBooking handler is completed"
time=2024-08-13T14:57:32.359+05:00 level=INFO msg="UpdateBooking handler is starting"
time=2024-08-13T14:57:32.360+05:00 level=ERROR msg="error updating booking: rpc error: code = Unknown desc = invalid service ID format: the provided hex string is not a valid ObjectID"
time=2024-08-13T14:57:56.626+05:00 level=INFO msg="UpdateBooking handler is starting"
time=2024-08-13T14:57:56.626+05:00 level=ERROR msg="error updating booking: rpc error: code = Unknown desc = invalid service ID format: the provided hex string is not a valid ObjectID"
time=2024-08-13T14:59:55.567+05:00 level=INFO msg="UpdateBooking handler is starting"
time=2024-08-13T14:59:55.569+05:00 level=ERROR msg="error updating booking: rpc error: code = Unknown desc = invalid service ID format: the provided hex string is not a valid ObjectID"
time=2024-08-13T15:01:17.926+05:00 level=INFO msg="UpdateBooking handler is starting"
time=2024-08-13T15:01:17.928+05:00 level=ERROR msg="error updating booking: rpc error: code = Unknown desc = invalid service ID format: the provided hex string is not a valid ObjectID"
time=2024-08-13T15:02:46.944+05:00 level=INFO msg="UpdateBooking handler is starting"
time=2024-08-13T15:02:46.946+05:00 level=INFO msg="UpdateBooking handler is completed"
time=2024-08-13T15:06:26.680+05:00 level=INFO msg="UpdateBooking handler is starting"
time=2024-08-13T15:06:26.682+05:00 level=INFO msg="UpdateBooking handler is completed"
time=2024-08-13T15:06:57.075+05:00 level=INFO msg="CancelBooking handler is starting"
time=2024-08-13T15:06:57.076+05:00 level=ERROR msg="error canceling booking: rpc error: code = Unknown desc = failed to retrieve updated booking: mongo: no documents in result"
time=2024-08-13T15:09:44.385+05:00 level=INFO msg="CancelBooking handler is starting"
time=2024-08-13T15:09:44.387+05:00 level=ERROR msg="error canceling booking: rpc error: code = Unknown desc = failed to retrieve updated booking: mongo: no documents in result"
time=2024-08-13T15:09:57.709+05:00 level=INFO msg="CancelBooking handler is starting"
time=2024-08-13T15:09:57.711+05:00 level=ERROR msg="error canceling booking: rpc error: code = Unknown desc = failed to retrieve updated booking: mongo: no documents in result"
time=2024-08-13T15:10:29.625+05:00 level=INFO msg="CancelBooking handler is starting"
time=2024-08-13T15:10:29.627+05:00 level=INFO msg="CancelBooking handler is completed"
time=2024-08-13T15:11:20.022+05:00 level=INFO msg="GetProfile handler is starting"
time=2024-08-13T15:11:20.028+05:00 level=ERROR msg="error getting user: rpc error: code = Unavailable desc = error reading from server: EOF"
time=2024-08-13T15:11:32.923+05:00 level=INFO msg="GetProfile handler is starting"
time=2024-08-13T15:11:32.930+05:00 level=ERROR msg="error getting user: rpc error: code = Unavailable desc = error reading from server: EOF"
time=2024-08-13T15:12:30.369+05:00 level=INFO msg="CreateService handler is starting"
time=2024-08-13T15:12:30.371+05:00 level=INFO msg="CreateService handler is completed"
time=2024-08-13T15:12:58.460+05:00 level=INFO msg="ListServices handler is starting"
time=2024-08-13T15:12:58.461+05:00 level=INFO msg="ListServices handler is completed"
time=2024-08-13T15:13:15.125+05:00 level=INFO msg="GetService handler is starting"
time=2024-08-13T15:13:15.126+05:00 level=INFO msg="GetService handler is completed"
time=2024-08-13T15:13:37.943+05:00 level=INFO msg="UpdateService handler is starting"
time=2024-08-13T15:13:37.945+05:00 level=INFO msg="UpdateService handler is completed"
time=2024-08-13T15:15:08.277+05:00 level=INFO msg="CreateReview handler is starting"
time=2024-08-13T15:15:08.279+05:00 level=INFO msg="CreateReview handler is completed"
time=2024-08-13T15:15:25.294+05:00 level=INFO msg="GetReview handler is starting"
time=2024-08-13T15:15:25.295+05:00 level=ERROR msg="error getting review: rpc error: code = Unimplemented desc = method GetReviewById not implemented"
time=2024-08-13T15:17:38.087+05:00 level=INFO msg="GetReview handler is starting"
time=2024-08-13T15:17:38.090+05:00 level=INFO msg="GetReview handler is completed"
time=2024-08-13T15:18:06.439+05:00 level=INFO msg="UpdateReview handler is starting"
time=2024-08-13T15:18:06.441+05:00 level=INFO msg="UpdateReview handler is completed"
time=2024-08-13T15:18:17.285+05:00 level=INFO msg="DeleteReview handler is starting"
time=2024-08-13T15:18:17.286+05:00 level=INFO msg="DeleteReview handler is completed"
time=2024-08-13T15:19:25.607+05:00 level=INFO msg="CreatePayment handler is starting"
time=2024-08-13T15:19:25.620+05:00 level=INFO msg="CreatePayment handler is completed"
time=2024-08-13T15:19:38.646+05:00 level=INFO msg="ListPayments handler is starting"
time=2024-08-13T15:19:38.647+05:00 level=INFO msg="ListPayments handler is completed"
time=2024-08-13T15:19:57.189+05:00 level=INFO msg="GetPayment handler is starting"
time=2024-08-13T15:19:57.190+05:00 level=INFO msg="GetPayment handler is completed"
time=2024-08-13T15:20:02.998+05:00 level=INFO msg="ListPayments handler is starting"
time=2024-08-13T15:20:02.999+05:00 level=INFO msg="ListPayments handler is completed"
time=2024-08-13T15:27:43.001+05:00 level=INFO msg="CreatePayment handler is starting"
time=2024-08-13T15:27:43.004+05:00 level=INFO msg="CreatePayment handler is completed"
time=2024-08-13T15:27:57.815+05:00 level=INFO msg="ListPayments handler is starting"
time=2024-08-13T15:27:57.816+05:00 level=INFO msg="ListPayments handler is completed"
time=2024-08-13T15:29:11.072+05:00 level=INFO msg="CreatePayment handler is starting"
time=2024-08-13T15:29:11.074+05:00 level=INFO msg="CreatePayment handler is completed"
time=2024-08-13T15:29:20.653+05:00 level=INFO msg="ListPayments handler is starting"
time=2024-08-13T15:29:20.654+05:00 level=INFO msg="ListPayments handler is completed"
time=2024-08-13T15:30:47.840+05:00 level=INFO msg="ListPayments handler is starting"
time=2024-08-13T15:30:47.843+05:00 level=INFO msg="ListPayments handler is completed"
time=2024-08-13T18:24:17.575+05:00 level=INFO msg="RegisterProvider handler is starting"
time=2024-08-13T18:24:17.577+05:00 level=INFO msg="RegisterProvider handler is completed"
time=2024-08-13T18:47:01.781+05:00 level=INFO msg="GetProfile handler is starting"
time=2024-08-13T18:47:01.787+05:00 level=ERROR msg="error getting user: rpc error: code = Unavailable desc = error reading from server: EOF"
time=2024-08-13T18:48:19.008+05:00 level=INFO msg="GetProfile handler is starting"
time=2024-08-13T18:48:19.014+05:00 level=ERROR msg="error getting user: rpc error: code = Unavailable desc = error reading from server: EOF"
time=2024-08-13T18:52:03.501+05:00 level=INFO msg="GetProfile handler is starting"
time=2024-08-13T18:52:03.507+05:00 level=ERROR msg="error getting user: rpc error: code = Unavailable desc = error reading from server: EOF"
time=2024-08-13T18:52:29.304+05:00 level=INFO msg="GetProfile handler is starting"
time=2024-08-13T18:52:29.310+05:00 level=ERROR msg="error getting user: rpc error: code = Unavailable desc = error reading from server: EOF"
time=2024-08-13T18:53:06.365+05:00 level=INFO msg="GetProfile handler is starting"
time=2024-08-13T18:53:06.366+05:00 level=ERROR msg="error getting user: rpc error: code = Unavailable desc = connection error: desc = \"transport: Error while dialing: dial tcp 127.0.0.1:50051: connect: connection refused\""
time=2024-08-13T18:53:46.288+05:00 level=INFO msg="GetProfile handler is starting"
time=2024-08-13T18:53:46.289+05:00 level=ERROR msg="error getting user: rpc error: code = Unavailable desc = connection error: desc = \"transport: Error while dialing: dial tcp 127.0.0.1:50051: connect: connection refused\""
time=2024-08-13T18:54:07.332+05:00 level=INFO msg="GetProfile handler is starting"
time=2024-08-13T18:54:07.333+05:00 level=ERROR msg="error getting user: rpc error: code = Unavailable desc = connection error: desc = \"transport: Error while dialing: dial tcp 127.0.0.1:50051: connect: connection refused\""
time=2024-08-13T18:55:02.484+05:00 level=INFO msg="GetProfile handler is starting"
time=2024-08-13T18:55:02.484+05:00 level=ERROR msg="error getting user: rpc error: code = Unavailable desc = connection error: desc = \"transport: Error while dialing: dial tcp 127.0.0.1:50051: connect: connection refused\""
time=2024-08-13T18:55:25.841+05:00 level=INFO msg="GetProfile handler is starting"
time=2024-08-13T18:55:25.847+05:00 level=ERROR msg="error getting user: rpc error: code = Unavailable desc = error reading from server: EOF"
time=2024-08-13T18:58:28.747+05:00 level=INFO msg="GetProfile handler is starting"
time=2024-08-13T18:58:28.749+05:00 level=ERROR msg="error getting user: rpc error: code = Unavailable desc = connection error: desc = \"transport: Error while dialing: dial tcp 127.0.0.1:50051: connect: connection refused\""
time=2024-08-13T18:59:04.995+05:00 level=INFO msg="GetProfile handler is starting"
time=2024-08-13T18:59:04.997+05:00 level=ERROR msg="error getting user: rpc error: code = Unavailable desc = connection error: desc = \"transport: Error while dialing: dial tcp 127.0.0.1:50051: connect: connection refused\""
time=2024-08-13T19:00:26.635+05:00 level=INFO msg="GetProfile handler is starting"
time=2024-08-13T19:00:26.635+05:00 level=ERROR msg="error getting user: rpc error: code = Unavailable desc = connection error: desc = \"transport: Error while dialing: dial tcp 127.0.0.1:50051: connect: connection refused\""
time=2024-08-13T19:00:38.080+05:00 level=INFO msg="GetProfile handler is starting"
time=2024-08-13T19:00:38.088+05:00 level=ERROR msg="error getting user: rpc error: code = Unavailable desc = error reading from server: EOF"
time=2024-08-13T19:02:19.144+05:00 level=INFO msg="UpdateProfile handler is starting"
time=2024-08-13T19:02:19.147+05:00 level=INFO msg="UpdateProfile handler is completed"
time=2024-08-13T19:04:10.212+05:00 level=INFO msg="GetProfile handler is starting"
time=2024-08-13T19:04:10.220+05:00 level=ERROR msg="error getting user: rpc error: code = Unavailable desc = error reading from server: EOF"
time=2024-08-13T19:11:10.833+05:00 level=INFO msg="GetProfile handler is starting"
time=2024-08-13T19:11:10.836+05:00 level=INFO msg="GetProfile handler is completed"
time=2024-08-13T19:13:49.747+05:00 level=INFO msg="GetProfile handler is starting"
time=2024-08-13T19:13:49.750+05:00 level=INFO msg="GetProfile handler is completed"
time=2024-08-13T19:14:01.048+05:00 level=INFO msg="UpdateProfile handler is starting"
time=2024-08-13T19:14:01.055+05:00 level=INFO msg="UpdateProfile handler is completed"
time=2024-08-13T19:14:20.932+05:00 level=INFO msg="FetchUsers handler is invoked"
time=2024-08-13T19:14:20.935+05:00 level=INFO msg="FetchUsers handler is completed"
time=2024-08-13T19:14:29.106+05:00 level=INFO msg="FetchUsers handler is invoked"
time=2024-08-13T19:14:29.107+05:00 level=INFO msg="FetchUsers handler is completed"
time=2024-08-13T19:14:39.633+05:00 level=INFO msg="FetchUsers handler is invoked"
time=2024-08-13T19:14:39.634+05:00 level=INFO msg="FetchUsers handler is completed"
time=2024-08-13T19:14:46.755+05:00 level=INFO msg="FetchUsers handler is invoked"
time=2024-08-13T19:14:46.756+05:00 level=INFO msg="FetchUsers handler is completed"
time=2024-08-13T19:14:56.455+05:00 level=INFO msg="FetchUsers handler is invoked"
time=2024-08-13T19:14:56.456+05:00 level=INFO msg="FetchUsers handler is completed"
time=2024-08-13T19:16:49.931+05:00 level=INFO msg="ListBookings handler is starting"
time=2024-08-13T19:16:49.934+05:00 level=INFO msg="ListBookings handler is completed"
time=2024-08-13T19:17:07.792+05:00 level=INFO msg="ListBookings handler is starting"
time=2024-08-13T19:17:07.793+05:00 level=INFO msg="ListBookings handler is completed"
time=2024-08-13T19:18:39.251+05:00 level=INFO msg="CreateBooking handler is starting"
time=2024-08-13T19:18:39.253+05:00 level=ERROR msg="error creating booking: rpc error: code = Unknown desc = invalid service ID format: the provided hex string is not a valid ObjectID"
time=2024-08-13T19:19:10.979+05:00 level=INFO msg="CreateBooking handler is starting"
time=2024-08-13T19:19:10.981+05:00 level=INFO msg="CreateBooking handler is completed"
time=2024-08-13T19:19:15.724+05:00 level=INFO msg="ListBookings handler is starting"
time=2024-08-13T19:19:15.725+05:00 level=INFO msg="ListBookings handler is completed"
time=2024-08-13T19:19:18.723+05:00 level=INFO msg="ListBookings handler is starting"
time=2024-08-13T19:19:18.724+05:00 level=INFO msg="ListBookings handler is completed"
time=2024-08-13T19:20:05.973+05:00 level=INFO msg="ListBookings handler is starting"
time=2024-08-13T19:20:05.976+05:00 level=INFO msg="ListBookings handler is completed"
time=2024-08-13T19:20:14.568+05:00 level=INFO msg="ListBookings handler is starting"
time=2024-08-13T19:20:14.569+05:00 level=INFO msg="ListBookings handler is completed"
time=2024-08-13T19:22:02.513+05:00 level=INFO msg="ListBookings handler is starting"
time=2024-08-13T19:22:02.516+05:00 level=INFO msg="ListBookings handler is completed"
time=2024-08-13T19:22:03.588+05:00 level=INFO msg="ListBookings handler is starting"
time=2024-08-13T19:22:03.590+05:00 level=INFO msg="ListBookings handler is completed"
time=2024-08-13T19:22:24.169+05:00 level=INFO msg="ListBookings handler is starting"
time=2024-08-13T19:22:24.172+05:00 level=INFO msg="ListBookings handler is completed"
time=2024-08-13T19:23:51.046+05:00 level=INFO msg="ListBookings handler is starting"
time=2024-08-13T19:23:51.048+05:00 level=INFO msg="ListBookings handler is completed"
time=2024-08-13T19:25:50.745+05:00 level=INFO msg="ListBookings handler is starting"
time=2024-08-13T19:25:50.746+05:00 level=INFO msg="ListBookings handler is completed"
time=2024-08-13T19:26:21.630+05:00 level=INFO msg="ListBookings handler is starting"
time=2024-08-13T19:26:21.632+05:00 level=INFO msg="ListBookings handler is completed"
time=2024-08-13T19:26:30.137+05:00 level=INFO msg="ListBookings handler is starting"
time=2024-08-13T19:26:30.140+05:00 level=INFO msg="ListBookings handler is completed"
time=2024-08-13T19:28:14.831+05:00 level=INFO msg="ListBookings handler is starting"
time=2024-08-13T19:28:14.833+05:00 level=INFO msg="ListBookings handler is completed"
time=2024-08-13T19:28:38.144+05:00 level=INFO msg="ListBookings handler is starting"
time=2024-08-13T19:28:38.146+05:00 level=INFO msg="ListBookings handler is completed"
time=2024-08-13T19:50:20.687+05:00 level=INFO msg="ListBookings handler is starting"
time=2024-08-13T19:50:20.690+05:00 level=INFO msg="ListBookings handler is completed"
time=2024-08-13T19:53:05.482+05:00 level=INFO msg="ListBookings handler is starting"
time=2024-08-13T19:53:05.484+05:00 level=INFO msg="ListBookings handler is completed"
time=2024-08-13T19:54:16.892+05:00 level=INFO msg="ListBookings handler is starting"
time=2024-08-13T19:54:16.894+05:00 level=INFO msg="ListBookings handler is completed"
time=2024-08-14T10:47:50.445+05:00 level=INFO msg="CreateReview handler is starting"
time=2024-08-14T10:47:50.445+05:00 level=ERROR msg="user id not provided"
time=2024-08-14T10:52:27.472+05:00 level=INFO msg="CreateReview handler is starting"
time=2024-08-14T10:52:27.473+05:00 level=ERROR msg="error creating review: rpc error: code = Unavailable desc = connection error: desc = \"transport: Error while dialing: dial tcp 127.0.0.1:50052: connect: connection refused\""
time=2024-08-14T10:54:04.473+05:00 level=INFO msg="CreateReview handler is starting"
time=2024-08-14T10:54:04.473+05:00 level=ERROR msg="error creating review: rpc error: code = Unavailable desc = connection error: desc = \"transport: Error while dialing: dial tcp 127.0.0.1:50052: connect: connection refused\""
time=2024-08-14T10:54:05.692+05:00 level=INFO msg="CreateReview handler is starting"
time=2024-08-14T10:54:05.692+05:00 level=ERROR msg="error creating review: rpc error: code = Unavailable desc = connection error: desc = \"transport: Error while dialing: dial tcp 127.0.0.1:50052: connect: connection refused\""
time=2024-08-14T10:54:31.889+05:00 level=INFO msg="CreateReview handler is starting"
time=2024-08-14T10:54:31.899+05:00 level=INFO msg="CreateReview handler is completed"
time=2024-08-14T11:08:24.318+05:00 level=INFO msg="UpdateProfile handler is starting"
time=2024-08-14T11:08:24.326+05:00 level=ERROR msg="error updating user: rpc error: code = Unknown desc = failed to update profile: pq: invalid input syntax for type uuid: \"\""
time=2024-08-14T11:10:13.473+05:00 level=INFO msg="UpdateProfile handler is starting"
time=2024-08-14T11:10:13.474+05:00 level=ERROR msg="error updating user: rpc error: code = Unknown desc = failed to update profile: pq: invalid input syntax for type uuid: \"\""
time=2024-08-14T11:21:00.600+05:00 level=INFO msg="UpdateUser handler is invoked"
time=2024-08-14T11:21:00.602+05:00 level=ERROR msg="error updating user: rpc error: code = Unknown desc = failed to update profile: pq: invalid input syntax for type uuid: \"string\""
time=2024-08-14T11:21:33.152+05:00 level=INFO msg="UpdateUser handler is invoked"
time=2024-08-14T11:21:33.153+05:00 level=ERROR msg="error updating user: rpc error: code = Unknown desc = failed to update profile: pq: new row for relation \"users\" violates check constraint \"users_role_check\""
time=2024-08-14T11:21:46.679+05:00 level=INFO msg="UpdateUser handler is invoked"
time=2024-08-14T11:21:46.686+05:00 level=INFO msg="UpdateUser handler is completed"
time=2024-08-14T11:21:57.763+05:00 level=INFO msg="UpdateUser handler is invoked"
time=2024-08-14T11:21:57.770+05:00 level=INFO msg="UpdateUser handler is completed"
time=2024-08-14T11:25:11.506+05:00 level=INFO msg="UpdateUser handler is invoked"
time=2024-08-14T11:25:11.508+05:00 level=ERROR msg="error updating user: rpc error: code = Unknown desc = failed to update profile: pq: new row for relation \"users\" violates check constraint \"users_role_check\""
time=2024-08-14T11:25:20.458+05:00 level=INFO msg="UpdateUser handler is invoked"
time=2024-08-14T11:25:20.465+05:00 level=INFO msg="UpdateUser handler is completed"
time=2024-08-14T11:25:54.354+05:00 level=INFO msg="GetProfile handler is starting"
time=2024-08-14T11:25:54.356+05:00 level=ERROR msg="error getting user: rpc error: code = Unknown desc = failed to get profile: pq: invalid input syntax for type uuid: \"\""
time=2024-08-14T11:26:57.185+05:00 level=INFO msg="GetUser handler is invoked"
time=2024-08-14T11:26:57.187+05:00 level=ERROR msg="error getting user: rpc error: code = Unknown desc = failed to get profile: sql: converting argument $1 type: unsupported type users.Id, a struct"
time=2024-08-14T11:28:13.454+05:00 level=INFO msg="GetUser handler is invoked"
time=2024-08-14T11:28:13.456+05:00 level=INFO msg="GetUser handler is completed"
time=2024-08-14T11:28:30.591+05:00 level=INFO msg="DeleteUser handler is invoked"
time=2024-08-14T11:28:30.598+05:00 level=INFO msg="DeleteUser handler is completed"
time=2024-08-14T11:28:41.988+05:00 level=INFO msg="FetchUsers handler is invoked"
time=2024-08-14T11:28:41.989+05:00 level=INFO msg="FetchUsers handler is completed"
time=2024-08-14T11:31:05.031+05:00 level=INFO msg="GetService handler is starting"
time=2024-08-14T11:31:05.033+05:00 level=INFO msg="GetService handler is completed"
time=2024-08-14T11:31:22.147+05:00 level=INFO msg="GetReview handler is starting"
time=2024-08-14T11:31:22.149+05:00 level=INFO msg="GetReview handler is completed"
time=2024-08-14T11:31:44.379+05:00 level=INFO msg="GetProvider handler is starting"
time=2024-08-14T11:31:44.381+05:00 level=ERROR msg="error getting provider: rpc error: code = Unknown desc = error decoding key location: cannot decode string into a models.GeoPoint"
time=2024-08-14T11:36:10.994+05:00 level=INFO msg="GetProvider handler is starting"
time=2024-08-14T11:36:10.996+05:00 level=INFO msg="GetProvider handler is completed"
time=2024-08-14T11:36:27.455+05:00 level=INFO msg="GetPayment handler is starting"
time=2024-08-14T11:36:27.457+05:00 level=INFO msg="GetPayment handler is completed"
time=2024-08-14T11:36:45.872+05:00 level=INFO msg="ListBookings handler is starting"
time=2024-08-14T11:36:45.874+05:00 level=INFO msg="ListBookings handler is completed"
time=2024-08-14T11:40:09.128+05:00 level=INFO msg="GetUser handler is invoked"
time=2024-08-14T11:40:09.129+05:00 level=INFO msg="GetUser handler is completed"
time=2024-08-14T11:42:40.708+05:00 level=INFO msg="CreateService handler is starting"
time=2024-08-14T11:42:40.709+05:00 level=INFO msg="CreateService handler is completed"
time=2024-08-14T13:25:15.321+05:00 level=INFO msg="CreateBooking handler is starting"
time=2024-08-14T13:25:15.327+05:00 level=INFO msg="Message published" queue=create_booking
time=2024-08-14T13:25:15.327+05:00 level=INFO msg="CreateBooking handler is completed"
time=2024-08-14T13:31:06.482+05:00 level=INFO msg="CreateBooking handler is starting"
time=2024-08-14T13:31:06.482+05:00 level=INFO msg="Message published" queue=create_booking
time=2024-08-14T13:31:06.482+05:00 level=INFO msg="CreateBooking handler is completed"
time=2024-08-14T14:00:45.840+05:00 level=INFO msg="GetPopular handler is starting"
time=2024-08-14T14:00:45.842+05:00 level=ERROR msg="error getting popular services: rpc error: code = Unavailable desc = connection error: desc = \"transport: Error while dialing: dial tcp 127.0.0.1:50052: connect: connection refused\""
time=2024-08-14T14:01:52.158+05:00 level=INFO msg="CreateBooking handler is starting"
time=2024-08-14T14:01:52.158+05:00 level=INFO msg="Message published" queue=create_booking
time=2024-08-14T14:01:52.158+05:00 level=INFO msg="CreateBooking handler is completed"
time=2024-08-14T14:01:53.796+05:00 level=INFO msg="CreateBooking handler is starting"
time=2024-08-14T14:01:53.796+05:00 level=INFO msg="Message published" queue=create_booking
time=2024-08-14T14:01:53.796+05:00 level=INFO msg="CreateBooking handler is completed"
time=2024-08-14T14:02:00.428+05:00 level=INFO msg="GetPopular handler is starting"
time=2024-08-14T14:02:00.429+05:00 level=ERROR msg="error getting popular services: rpc error: code = Unavailable desc = connection error: desc = \"transport: Error while dialing: dial tcp 127.0.0.1:50052: connect: connection refused\""
time=2024-08-14T14:02:01.434+05:00 level=INFO msg="GetPopular handler is starting"
time=2024-08-14T14:02:01.434+05:00 level=ERROR msg="error getting popular services: rpc error: code = Unavailable desc = connection error: desc = \"transport: Error while dialing: dial tcp 127.0.0.1:50052: connect: connection refused\""
time=2024-08-14T14:02:02.056+05:00 level=INFO msg="GetPopular handler is starting"
time=2024-08-14T14:02:02.056+05:00 level=ERROR msg="error getting popular services: rpc error: code = Unavailable desc = connection error: desc = \"transport: Error while dialing: dial tcp 127.0.0.1:50052: connect: connection refused\""
time=2024-08-14T14:06:43.991+05:00 level=INFO msg="GetPopular handler is starting"
time=2024-08-14T14:06:43.991+05:00 level=ERROR msg="error getting popular services: rpc error: code = Unavailable desc = connection error: desc = \"transport: Error while dialing: dial tcp 127.0.0.1:50052: connect: connection refused\""
time=2024-08-14T14:07:26.779+05:00 level=INFO msg="GetPopular handler is starting"
time=2024-08-14T14:07:26.781+05:00 level=INFO msg="GetService handler is completed"
time=2024-08-14T23:37:52.536+05:00 level=INFO msg="CreateReview handler is starting"
time=2024-08-14T23:37:52.536+05:00 level=INFO msg="Message published" queue=review_submitted
time=2024-08-14T23:37:52.537+05:00 level=INFO msg="CreateReview handler is completed"
time=2024-08-14T23:44:16.753+05:00 level=INFO msg="CreateReview handler is starting"
time=2024-08-14T23:44:16.754+05:00 level=INFO msg="Message published" queue=review_submitted
time=2024-08-14T23:44:16.754+05:00 level=INFO msg="CreateReview handler is completed"
time=2024-08-14T23:44:48.417+05:00 level=INFO msg="CreateReview handler is starting"
time=2024-08-14T23:44:48.417+05:00 level=INFO msg="Message published" queue=review_submitted
time=2024-08-14T23:44:48.417+05:00 level=INFO msg="CreateReview handler is completed"
time=2024-08-15T15:42:12.029+05:00 level=INFO msg="CreateNotification handler is starting"
time=2024-08-15T15:42:12.029+05:00 level=INFO msg="Message published" queue=create_notification
time=2024-08-15T15:42:12.029+05:00 level=INFO msg="CreateNotification handler is completed"
time=2024-08-15T15:43:34.230+05:00 level=INFO msg="GetNotification handler is starting"
time=2024-08-15T15:43:34.235+05:00 level=INFO msg="GetNotification handler is completed"
time=2024-08-15T15:44:11.979+05:00 level=INFO msg="CreateNotification handler is starting"
time=2024-08-15T15:44:11.980+05:00 level=INFO msg="Message published" queue=create_notification
time=2024-08-15T15:44:11.980+05:00 level=INFO msg="CreateNotification handler is completed"
time=2024-08-15T15:47:07.023+05:00 level=INFO msg="ListProviders handler is starting"
time=2024-08-15T15:47:07.025+05:00 level=INFO msg="ListProviders handler is completed"
time=2024-08-15T15:47:17.240+05:00 level=INFO msg="RegisterProvider handler is starting"
time=2024-08-15T15:47:17.260+05:00 level=INFO msg="RegisterProvider handler is completed"
time=2024-08-15T15:47:24.030+05:00 level=INFO msg="ListProviders handler is starting"
time=2024-08-15T15:47:24.030+05:00 level=INFO msg="ListProviders handler is completed"
time=2024-08-15T15:53:14.131+05:00 level=INFO msg="GetReview handler is starting"
time=2024-08-15T15:53:14.133+05:00 level=ERROR msg="error getting review: rpc error: code = Unknown desc = could not fetch review: mongo: no documents in result"
time=2024-08-15T15:53:57.615+05:00 level=INFO msg="GetReview handler is starting"
time=2024-08-15T15:53:57.616+05:00 level=ERROR msg="error getting review: rpc error: code = Unknown desc = could not fetch review: mongo: no documents in result"
time=2024-08-15T15:57:03.831+05:00 level=INFO msg="GetReview handler is starting"
time=2024-08-15T15:57:03.832+05:00 level=INFO msg="GetReview handler is completed"
time=2024-08-15T15:58:28.572+05:00 level=INFO msg="GetService handler is starting"
time=2024-08-15T15:58:28.574+05:00 level=INFO msg="GetService handler is completed"
time=2024-08-15T16:01:53.577+05:00 level=INFO msg="GetProfile handler is starting"
time=2024-08-15T16:01:53.586+05:00 level=INFO msg="GetProfile handler is completed"
time=2024-08-15T16:02:14.402+05:00 level=INFO msg="UpdateProfile handler is starting"
time=2024-08-15T16:02:14.407+05:00 level=INFO msg="UpdateProfile handler is completed"
time=2024-08-15T16:16:03.170+05:00 level=INFO msg="CreateBooking handler is starting"
time=2024-08-15T16:16:03.170+05:00 level=INFO msg="Message published" queue=create_booking
time=2024-08-15T16:16:03.170+05:00 level=INFO msg="CreateBooking handler is completed"
time=2024-08-15T16:16:14.486+05:00 level=INFO msg="CreateBooking handler is starting"
time=2024-08-15T16:16:14.486+05:00 level=INFO msg="Message published" queue=create_booking
time=2024-08-15T16:16:14.486+05:00 level=INFO msg="CreateBooking handler is completed"
time=2024-08-15T16:16:34.758+05:00 level=INFO msg="CreateBooking handler is starting"
time=2024-08-15T16:16:34.758+05:00 level=INFO msg="Message published" queue=create_booking
time=2024-08-15T16:16:34.758+05:00 level=INFO msg="CreateBooking handler is completed"
