time=2024-08-10T15:39:59.517+05:00 level=INFO msg="Register function is starting"
time=2024-08-10T15:39:59.563+05:00 level=INFO msg="Registering user"
time=2024-08-10T15:39:59.613+05:00 level=INFO msg="Register has successfully finished"
time=2024-08-10T15:40:11.807+05:00 level=INFO msg="Login function is starting"
time=2024-08-10T15:40:11.807+05:00 level=INFO msg="GetUserByEmail is starting"
time=2024-08-10T15:40:11.808+05:00 level=ERROR msg="failed to get user by email: sql: expected 2 destination arguments in Scan, not 3"
time=2024-08-10T15:40:11.808+05:00 level=ERROR msg="user not found: failed to get user by email: sql: expected 2 destination arguments in Scan, not 3"
time=2024-08-10T15:45:29.939+05:00 level=INFO msg="Login function is starting"
time=2024-08-10T15:45:29.939+05:00 level=INFO msg="GetUserByEmail is starting"
time=2024-08-10T15:45:29.940+05:00 level=INFO msg="GetUserByEmail has finished"
time=2024-08-10T15:45:29.987+05:00 level=ERROR msg="invalid password: crypto/bcrypt: hashedPassword is not the hash of the given password"
time=2024-08-10T15:49:41.651+05:00 level=INFO msg="Login function is starting"
time=2024-08-10T15:49:41.651+05:00 level=INFO msg="GetUserByEmail is starting"
time=2024-08-10T15:49:41.651+05:00 level=INFO msg="GetUserByEmail has finished"
time=2024-08-10T15:49:41.837+05:00 level=ERROR msg="invalid password: crypto/bcrypt: hashedPassword is not the hash of the given password"
time=2024-08-10T15:50:33.783+05:00 level=INFO msg="Login function is starting"
time=2024-08-10T15:50:33.783+05:00 level=INFO msg="GetUserByEmail is starting"
time=2024-08-10T15:50:33.785+05:00 level=INFO msg="GetUserByEmail has finished"
time=2024-08-10T15:50:33.831+05:00 level=ERROR msg="invalid password: crypto/bcrypt: hashedPassword is not the hash of the given password"
time=2024-08-10T16:01:31.715+05:00 level=INFO msg="Register function is starting"
time=2024-08-10T16:01:31.762+05:00 level=INFO msg="Registering user"
time=2024-08-10T16:01:31.810+05:00 level=ERROR msg="pq: duplicate key value violates unique constraint \"users_email_key\""
time=2024-08-10T16:01:31.810+05:00 level=ERROR msg="Error registering user" !BADKEY="pq: duplicate key value violates unique constraint \"users_email_key\"\nfailed to register user\nAuth/service.(*UserService).Register\n\t/home/jons/go/src/github.com/imtihon/4/Auth_Service/service/user.go:31\nAuth/api/handler.(*Handler).Register\n\t/home/jons/go/src/github.com/imtihon/4/Auth_Service/api/handler/auth.go:47\ngithub.com/gin-gonic/gin.(*Context).Next\n\t/home/jons/go/src/github.com/imtihon/4/Auth_Service/vendor/github.com/gin-gonic/gin/context.go:185\ngithub.com/gin-gonic/gin.CustomRecoveryWithWriter.func1\n\t/home/jons/go/src/github.com/imtihon/4/Auth_Service/vendor/github.com/gin-gonic/gin/recovery.go:102\ngithub.com/gin-gonic/gin.(*Context).Next\n\t/home/jons/go/src/github.com/imtihon/4/Auth_Service/vendor/github.com/gin-gonic/gin/context.go:185\ngithub.com/gin-gonic/gin.LoggerWithConfig.func1\n\t/home/jons/go/src/github.com/imtihon/4/Auth_Service/vendor/github.com/gin-gonic/gin/logger.go:249\ngithub.com/gin-gonic/gin.(*Context).Next\n\t/home/jons/go/src/github.com/imtihon/4/Auth_Service/vendor/github.com/gin-gonic/gin/context.go:185\ngithub.com/gin-gonic/gin.(*Engine).handleHTTPRequest\n\t/home/jons/go/src/github.com/imtihon/4/Auth_Service/vendor/github.com/gin-gonic/gin/gin.go:633\ngithub.com/gin-gonic/gin.(*Engine).ServeHTTP\n\t/home/jons/go/src/github.com/imtihon/4/Auth_Service/vendor/github.com/gin-gonic/gin/gin.go:589\nnet/http.serverHandler.ServeHTTP\n\t/home/jons/golang/pkg/mod/golang.org/toolchain@v0.0.1-go1.22.5.linux-amd64/src/net/http/server.go:3142\nnet/http.(*conn).serve\n\t/home/jons/golang/pkg/mod/golang.org/toolchain@v0.0.1-go1.22.5.linux-amd64/src/net/http/server.go:2044\nruntime.goexit\n\t/home/jons/golang/pkg/mod/golang.org/toolchain@v0.0.1-go1.22.5.linux-amd64/src/runtime/asm_amd64.s:1695"
time=2024-08-10T16:01:54.321+05:00 level=INFO msg="Register function is starting"
time=2024-08-10T16:01:54.368+05:00 level=INFO msg="Registering user"
time=2024-08-10T16:01:54.420+05:00 level=INFO msg="Register has successfully finished"
time=2024-08-10T16:02:13.697+05:00 level=INFO msg="Login function is starting"
time=2024-08-10T16:02:13.697+05:00 level=INFO msg="GetUserByEmail is starting"
time=2024-08-10T16:02:13.697+05:00 level=INFO msg="GetUserByEmail has finished"
time=2024-08-10T16:02:13.747+05:00 level=ERROR msg="invalid password: crypto/bcrypt: hashedPassword is not the hash of the given password"
time=2024-08-10T16:03:39.105+05:00 level=INFO msg="Register function is starting"
time=2024-08-10T16:03:39.152+05:00 level=INFO msg="Registering user"
time=2024-08-10T16:03:39.204+05:00 level=INFO msg="Register has successfully finished"
time=2024-08-10T16:03:53.047+05:00 level=INFO msg="Login function is starting"
time=2024-08-10T16:03:53.048+05:00 level=INFO msg="GetUserByEmail is starting"
time=2024-08-10T16:03:53.049+05:00 level=INFO msg="GetUserByEmail has finished"
time=2024-08-10T16:03:53.095+05:00 level=ERROR msg="invalid password: crypto/bcrypt: hashedPassword is not the hash of the given password"
time=2024-08-10T16:04:21.344+05:00 level=INFO msg="Login function is starting"
time=2024-08-10T16:04:21.344+05:00 level=INFO msg="GetUserByEmail is starting"
time=2024-08-10T16:04:21.345+05:00 level=INFO msg="GetUserByEmail has finished"
time=2024-08-10T16:04:21.396+05:00 level=ERROR msg="invalid password: crypto/bcrypt: hashedPassword is not the hash of the given password"
time=2024-08-10T16:09:02.505+05:00 level=INFO msg="Register function is starting"
time=2024-08-10T16:09:02.552+05:00 level=INFO msg="Registering user"
time=2024-08-10T16:09:02.605+05:00 level=INFO msg="Register has successfully finished"
time=2024-08-10T16:09:16.691+05:00 level=INFO msg="Login function is starting"
time=2024-08-10T16:09:16.691+05:00 level=INFO msg="GetUserByEmail is starting"
time=2024-08-10T16:09:16.692+05:00 level=INFO msg="GetUserByEmail has finished"
time=2024-08-10T16:09:16.739+05:00 level=ERROR msg="invalid password: crypto/bcrypt: hashedPassword is not the hash of the given password"
time=2024-08-10T16:15:42.442+05:00 level=INFO msg="Register function is starting"
time=2024-08-10T16:15:42.489+05:00 level=INFO msg="Registering user"
time=2024-08-10T16:15:42.496+05:00 level=INFO msg="Register has successfully finished"
time=2024-08-10T16:15:49.173+05:00 level=INFO msg="Login function is starting"
time=2024-08-10T16:15:49.173+05:00 level=INFO msg="GetUserByEmail is starting"
time=2024-08-10T16:15:49.175+05:00 level=INFO msg="GetUserByEmail has finished"
time=2024-08-10T16:15:49.221+05:00 level=INFO msg="GetUserRole is starting"
time=2024-08-10T16:15:49.221+05:00 level=INFO msg="GetUserRole has finished"
time=2024-08-10T16:15:49.222+05:00 level=INFO msg="Storing refresh token" user_id=3d653765-b10b-4c9b-86ff-0ccecd936db2 refresh_token=eyJhbGciOiJIUzI1NiIsInR5cCI6IkpXVCJ9.eyJleHAiOjE3MjMzNzQ5NDksImlhdCI6MTcyMzI4ODU0OSwidXNlcl9pZCI6IjNkNjUzNzY1LWIxMGItNGM5Yi04NmZmLTBjY2VjZDkzNmRiMiJ9.-6H32roc0mTchCGy-n0O6fKGUusAefH21dl1aLmDuC4 expiry=2024-08-11T16:15:49+05:00
time=2024-08-10T16:15:49.223+05:00 level=INFO msg="Login has successfully finished"
time=2024-08-10T16:17:17.702+05:00 level=INFO msg="Logout function is starting"
time=2024-08-10T16:17:37.633+05:00 level=INFO msg="Refresh function is starting"
time=2024-08-10T16:17:37.634+05:00 level=INFO msg="GetUserById is starting"
time=2024-08-10T16:17:37.634+05:00 level=ERROR msg="failed to get role: sql: converting argument $1 type: unsupported type users.Id, a struct"
time=2024-08-10T16:17:37.634+05:00 level=ERROR msg="user not found: failed to get role: sql: converting argument $1 type: unsupported type users.Id, a struct"
time=2024-08-10T16:21:12.781+05:00 level=INFO msg="Logout function is starting"
time=2024-08-10T16:25:26.668+05:00 level=INFO msg="Logout function is starting"
time=2024-08-10T16:25:45.380+05:00 level=INFO msg="Logout function is starting"
time=2024-08-10T16:26:18.177+05:00 level=INFO msg="Logout function is starting"
time=2024-08-10T16:26:57.326+05:00 level=INFO msg="Logout function is starting"
time=2024-08-10T16:27:30.157+05:00 level=INFO msg="Logout function is starting"
time=2024-08-10T16:28:55.770+05:00 level=INFO msg="Logout function is starting"
time=2024-08-10T16:29:14.359+05:00 level=INFO msg="Logout function is starting"
time=2024-08-10T16:30:03.857+05:00 level=INFO msg="Logout function is starting"
time=2024-08-10T16:30:39.446+05:00 level=INFO msg="Logout function is starting"
time=2024-08-10T16:32:02.875+05:00 level=INFO msg="Logout function is starting"
time=2024-08-10T16:32:42.177+05:00 level=INFO msg="Logout function is starting"
time=2024-08-10T16:32:45.828+05:00 level=INFO msg="Logout function is starting"
time=2024-08-10T16:34:07.972+05:00 level=INFO msg="Logout function is starting"
time=2024-08-10T16:34:59.726+05:00 level=INFO msg="Logout function is starting"
time=2024-08-10T16:35:43.425+05:00 level=INFO msg="Logout function is starting"
time=2024-08-10T16:36:45.204+05:00 level=INFO msg="Logout function is starting"
time=2024-08-10T16:38:48.161+05:00 level=INFO msg="Logout function is starting"
time=2024-08-10T16:39:18.465+05:00 level=INFO msg="Logout function is starting"
time=2024-08-10T16:41:47.211+05:00 level=INFO msg="Logout function is starting"
time=2024-08-10T16:44:13.877+05:00 level=INFO msg="Logout function is starting"
time=2024-08-10T16:49:03.939+05:00 level=INFO msg="Logout function is starting"
time=2024-08-10T16:49:57.492+05:00 level=INFO msg="Logout function is starting"
time=2024-08-10T16:51:37.455+05:00 level=INFO msg="Logout function is starting"
time=2024-08-10T16:53:56.178+05:00 level=INFO msg="Logout function is starting"
time=2024-08-10T16:53:56.187+05:00 level=INFO msg="Logout has successfully finished"
time=2024-08-11T14:41:25.010+05:00 level=INFO msg="Login function is starting"
time=2024-08-11T14:41:25.011+05:00 level=INFO msg="GetUserByEmail is starting"
time=2024-08-11T14:41:25.021+05:00 level=INFO msg="GetUserByEmail has finished"
time=2024-08-11T14:41:25.068+05:00 level=INFO msg="GetUserRole is starting"
time=2024-08-11T14:41:25.069+05:00 level=INFO msg="GetUserRole has finished"
time=2024-08-11T14:41:25.069+05:00 level=INFO msg="Storing refresh token" user_id=3d653765-b10b-4c9b-86ff-0ccecd936db2 refresh_token=eyJhbGciOiJIUzI1NiIsInR5cCI6IkpXVCJ9.eyJleHAiOjE3MjM0NTU2ODUsImlhdCI6MTcyMzM2OTI4NSwidXNlcl9pZCI6IjNkNjUzNzY1LWIxMGItNGM5Yi04NmZmLTBjY2VjZDkzNmRiMiJ9.n-qeAlSc5Vc_NroWmu8C-Cx08qb84AE6qKNo7bogfoM expiry=2024-08-12T14:41:25+05:00
time=2024-08-11T14:41:25.071+05:00 level=INFO msg="Login has successfully finished"
time=2024-08-11T14:52:14.941+05:00 level=INFO msg="GetUserProfile is starting"
time=2024-08-11T14:53:58.178+05:00 level=INFO msg="UpdateUserProfile is starting"
time=2024-08-11T14:53:58.185+05:00 level=ERROR msg="failed to update profile: pq: could not determine data type of parameter $5"
time=2024-08-11T14:54:55.649+05:00 level=INFO msg="UpdateUserProfile is starting"
time=2024-08-11T14:54:55.651+05:00 level=ERROR msg="failed to update profile: sql: expected 7 destination arguments in Scan, not 6"
time=2024-08-11T14:55:24.303+05:00 level=INFO msg="UpdateUserProfile is starting"
time=2024-08-11T14:55:24.309+05:00 level=INFO msg="UpdateUserProfile has finished"
time=2024-08-11T14:55:34.300+05:00 level=INFO msg="GetUserProfile is starting"
time=2024-08-11T14:57:36.185+05:00 level=INFO msg="GetUserProfile is starting"
time=2024-08-11T14:59:44.701+05:00 level=INFO msg="GetUserProfile is starting"
time=2024-08-11T15:01:25.567+05:00 level=INFO msg="GetUserProfile is starting"
time=2024-08-11T15:08:15.941+05:00 level=INFO msg="FetchUsers is starting"
time=2024-08-11T15:08:15.942+05:00 level=INFO msg="FetchUsers is finished"
time=2024-08-11T15:09:09.918+05:00 level=INFO msg="GetUserProfile is starting"
time=2024-08-11T15:09:36.043+05:00 level=INFO msg="UpdateUserProfile is starting"
time=2024-08-11T15:09:36.050+05:00 level=INFO msg="UpdateUserProfile has finished"
time=2024-08-11T15:09:51.309+05:00 level=INFO msg="DeleteUser is starting"
time=2024-08-11T15:09:51.316+05:00 level=INFO msg="DeleteUser is finished"
time=2024-08-13T12:52:06.230+05:00 level=INFO msg="Login function is starting"
time=2024-08-13T12:52:06.236+05:00 level=INFO msg="GetUserByEmail is starting"
time=2024-08-13T12:52:06.248+05:00 level=ERROR msg="failed to get user by email: sql: no rows in result set"
time=2024-08-13T12:52:06.248+05:00 level=ERROR msg="user not found: failed to get user by email: sql: no rows in result set"
time=2024-08-13T12:53:12.224+05:00 level=INFO msg="Login function is starting"
time=2024-08-13T12:53:12.224+05:00 level=INFO msg="GetUserByEmail is starting"
time=2024-08-13T12:53:12.225+05:00 level=ERROR msg="failed to get user by email: sql: no rows in result set"
time=2024-08-13T12:53:12.225+05:00 level=ERROR msg="user not found: failed to get user by email: sql: no rows in result set"
time=2024-08-13T12:53:21.083+05:00 level=INFO msg="Register function is starting"
time=2024-08-13T12:53:21.129+05:00 level=INFO msg="Registering user"
time=2024-08-13T12:53:21.131+05:00 level=ERROR msg="pq: duplicate key value violates unique constraint \"users_email_key\""
time=2024-08-13T12:53:21.131+05:00 level=ERROR msg="Error registering user" !BADKEY="pq: duplicate key value violates unique constraint \"users_email_key\"\nfailed to register user\nAuth/service.(*UserService).Register\n\t/home/jons/go/src/github.com/imtihon/4/Auth_Service/service/user.go:32\nAuth/api/handler.(*Handler).Register\n\t/home/jons/go/src/github.com/imtihon/4/Auth_Service/api/handler/auth.go:48\ngithub.com/gin-gonic/gin.(*Context).Next\n\t/home/jons/go/src/github.com/imtihon/4/Auth_Service/vendor/github.com/gin-gonic/gin/context.go:185\ngithub.com/gin-gonic/gin.CustomRecoveryWithWriter.func1\n\t/home/jons/go/src/github.com/imtihon/4/Auth_Service/vendor/github.com/gin-gonic/gin/recovery.go:102\ngithub.com/gin-gonic/gin.(*Context).Next\n\t/home/jons/go/src/github.com/imtihon/4/Auth_Service/vendor/github.com/gin-gonic/gin/context.go:185\ngithub.com/gin-gonic/gin.LoggerWithConfig.func1\n\t/home/jons/go/src/github.com/imtihon/4/Auth_Service/vendor/github.com/gin-gonic/gin/logger.go:249\ngithub.com/gin-gonic/gin.(*Context).Next\n\t/home/jons/go/src/github.com/imtihon/4/Auth_Service/vendor/github.com/gin-gonic/gin/context.go:185\ngithub.com/gin-gonic/gin.(*Engine).handleHTTPRequest\n\t/home/jons/go/src/github.com/imtihon/4/Auth_Service/vendor/github.com/gin-gonic/gin/gin.go:633\ngithub.com/gin-gonic/gin.(*Engine).ServeHTTP\n\t/home/jons/go/src/github.com/imtihon/4/Auth_Service/vendor/github.com/gin-gonic/gin/gin.go:589\nnet/http.serverHandler.ServeHTTP\n\t/home/jons/golang/pkg/mod/golang.org/toolchain@v0.0.1-go1.22.5.linux-amd64/src/net/http/server.go:3142\nnet/http.(*conn).serve\n\t/home/jons/golang/pkg/mod/golang.org/toolchain@v0.0.1-go1.22.5.linux-amd64/src/net/http/server.go:2044\nruntime.goexit\n\t/home/jons/golang/pkg/mod/golang.org/toolchain@v0.0.1-go1.22.5.linux-amd64/src/runtime/asm_amd64.s:1695"
time=2024-08-13T12:53:36.014+05:00 level=INFO msg="Register function is starting"
time=2024-08-13T12:53:36.061+05:00 level=INFO msg="Registering user"
time=2024-08-13T12:53:36.062+05:00 level=ERROR msg="pq: duplicate key value violates unique constraint \"users_email_key\""
time=2024-08-13T12:53:36.062+05:00 level=ERROR msg="Error registering user" !BADKEY="pq: duplicate key value violates unique constraint \"users_email_key\"\nfailed to register user\nAuth/service.(*UserService).Register\n\t/home/jons/go/src/github.com/imtihon/4/Auth_Service/service/user.go:32\nAuth/api/handler.(*Handler).Register\n\t/home/jons/go/src/github.com/imtihon/4/Auth_Service/api/handler/auth.go:48\ngithub.com/gin-gonic/gin.(*Context).Next\n\t/home/jons/go/src/github.com/imtihon/4/Auth_Service/vendor/github.com/gin-gonic/gin/context.go:185\ngithub.com/gin-gonic/gin.CustomRecoveryWithWriter.func1\n\t/home/jons/go/src/github.com/imtihon/4/Auth_Service/vendor/github.com/gin-gonic/gin/recovery.go:102\ngithub.com/gin-gonic/gin.(*Context).Next\n\t/home/jons/go/src/github.com/imtihon/4/Auth_Service/vendor/github.com/gin-gonic/gin/context.go:185\ngithub.com/gin-gonic/gin.LoggerWithConfig.func1\n\t/home/jons/go/src/github.com/imtihon/4/Auth_Service/vendor/github.com/gin-gonic/gin/logger.go:249\ngithub.com/gin-gonic/gin.(*Context).Next\n\t/home/jons/go/src/github.com/imtihon/4/Auth_Service/vendor/github.com/gin-gonic/gin/context.go:185\ngithub.com/gin-gonic/gin.(*Engine).handleHTTPRequest\n\t/home/jons/go/src/github.com/imtihon/4/Auth_Service/vendor/github.com/gin-gonic/gin/gin.go:633\ngithub.com/gin-gonic/gin.(*Engine).ServeHTTP\n\t/home/jons/go/src/github.com/imtihon/4/Auth_Service/vendor/github.com/gin-gonic/gin/gin.go:589\nnet/http.serverHandler.ServeHTTP\n\t/home/jons/golang/pkg/mod/golang.org/toolchain@v0.0.1-go1.22.5.linux-amd64/src/net/http/server.go:3142\nnet/http.(*conn).serve\n\t/home/jons/golang/pkg/mod/golang.org/toolchain@v0.0.1-go1.22.5.linux-amd64/src/net/http/server.go:2044\nruntime.goexit\n\t/home/jons/golang/pkg/mod/golang.org/toolchain@v0.0.1-go1.22.5.linux-amd64/src/runtime/asm_amd64.s:1695"
time=2024-08-13T12:54:08.725+05:00 level=INFO msg="Register function is starting"
time=2024-08-13T12:54:08.771+05:00 level=INFO msg="Registering user"
time=2024-08-13T12:54:08.772+05:00 level=ERROR msg="pq: duplicate key value violates unique constraint \"users_email_key\""
time=2024-08-13T12:54:08.772+05:00 level=ERROR msg="Error registering user" !BADKEY="pq: duplicate key value violates unique constraint \"users_email_key\"\nfailed to register user\nAuth/service.(*UserService).Register\n\t/home/jons/go/src/github.com/imtihon/4/Auth_Service/service/user.go:32\nAuth/api/handler.(*Handler).Register\n\t/home/jons/go/src/github.com/imtihon/4/Auth_Service/api/handler/auth.go:48\ngithub.com/gin-gonic/gin.(*Context).Next\n\t/home/jons/go/src/github.com/imtihon/4/Auth_Service/vendor/github.com/gin-gonic/gin/context.go:185\ngithub.com/gin-gonic/gin.CustomRecoveryWithWriter.func1\n\t/home/jons/go/src/github.com/imtihon/4/Auth_Service/vendor/github.com/gin-gonic/gin/recovery.go:102\ngithub.com/gin-gonic/gin.(*Context).Next\n\t/home/jons/go/src/github.com/imtihon/4/Auth_Service/vendor/github.com/gin-gonic/gin/context.go:185\ngithub.com/gin-gonic/gin.LoggerWithConfig.func1\n\t/home/jons/go/src/github.com/imtihon/4/Auth_Service/vendor/github.com/gin-gonic/gin/logger.go:249\ngithub.com/gin-gonic/gin.(*Context).Next\n\t/home/jons/go/src/github.com/imtihon/4/Auth_Service/vendor/github.com/gin-gonic/gin/context.go:185\ngithub.com/gin-gonic/gin.(*Engine).handleHTTPRequest\n\t/home/jons/go/src/github.com/imtihon/4/Auth_Service/vendor/github.com/gin-gonic/gin/gin.go:633\ngithub.com/gin-gonic/gin.(*Engine).ServeHTTP\n\t/home/jons/go/src/github.com/imtihon/4/Auth_Service/vendor/github.com/gin-gonic/gin/gin.go:589\nnet/http.serverHandler.ServeHTTP\n\t/home/jons/golang/pkg/mod/golang.org/toolchain@v0.0.1-go1.22.5.linux-amd64/src/net/http/server.go:3142\nnet/http.(*conn).serve\n\t/home/jons/golang/pkg/mod/golang.org/toolchain@v0.0.1-go1.22.5.linux-amd64/src/net/http/server.go:2044\nruntime.goexit\n\t/home/jons/golang/pkg/mod/golang.org/toolchain@v0.0.1-go1.22.5.linux-amd64/src/runtime/asm_amd64.s:1695"
time=2024-08-13T12:55:11.550+05:00 level=INFO msg="Register function is starting"
time=2024-08-13T12:55:11.596+05:00 level=INFO msg="Registering user"
time=2024-08-13T12:55:11.598+05:00 level=ERROR msg="pq: duplicate key value violates unique constraint \"users_email_key\""
time=2024-08-13T12:55:11.598+05:00 level=ERROR msg="Error registering user" !BADKEY="pq: duplicate key value violates unique constraint \"users_email_key\"\nfailed to register user\nAuth/service.(*UserService).Register\n\t/home/jons/go/src/github.com/imtihon/4/Auth_Service/service/user.go:32\nAuth/api/handler.(*Handler).Register\n\t/home/jons/go/src/github.com/imtihon/4/Auth_Service/api/handler/auth.go:48\ngithub.com/gin-gonic/gin.(*Context).Next\n\t/home/jons/go/src/github.com/imtihon/4/Auth_Service/vendor/github.com/gin-gonic/gin/context.go:185\ngithub.com/gin-gonic/gin.CustomRecoveryWithWriter.func1\n\t/home/jons/go/src/github.com/imtihon/4/Auth_Service/vendor/github.com/gin-gonic/gin/recovery.go:102\ngithub.com/gin-gonic/gin.(*Context).Next\n\t/home/jons/go/src/github.com/imtihon/4/Auth_Service/vendor/github.com/gin-gonic/gin/context.go:185\ngithub.com/gin-gonic/gin.LoggerWithConfig.func1\n\t/home/jons/go/src/github.com/imtihon/4/Auth_Service/vendor/github.com/gin-gonic/gin/logger.go:249\ngithub.com/gin-gonic/gin.(*Context).Next\n\t/home/jons/go/src/github.com/imtihon/4/Auth_Service/vendor/github.com/gin-gonic/gin/context.go:185\ngithub.com/gin-gonic/gin.(*Engine).handleHTTPRequest\n\t/home/jons/go/src/github.com/imtihon/4/Auth_Service/vendor/github.com/gin-gonic/gin/gin.go:633\ngithub.com/gin-gonic/gin.(*Engine).ServeHTTP\n\t/home/jons/go/src/github.com/imtihon/4/Auth_Service/vendor/github.com/gin-gonic/gin/gin.go:589\nnet/http.serverHandler.ServeHTTP\n\t/home/jons/golang/pkg/mod/golang.org/toolchain@v0.0.1-go1.22.5.linux-amd64/src/net/http/server.go:3142\nnet/http.(*conn).serve\n\t/home/jons/golang/pkg/mod/golang.org/toolchain@v0.0.1-go1.22.5.linux-amd64/src/net/http/server.go:2044\nruntime.goexit\n\t/home/jons/golang/pkg/mod/golang.org/toolchain@v0.0.1-go1.22.5.linux-amd64/src/runtime/asm_amd64.s:1695"
time=2024-08-13T12:55:16.511+05:00 level=INFO msg="Register function is starting"
time=2024-08-13T12:55:16.558+05:00 level=INFO msg="Registering user"
time=2024-08-13T12:55:16.564+05:00 level=INFO msg="Register has successfully finished"
time=2024-08-13T12:55:31.177+05:00 level=INFO msg="Login function is starting"
time=2024-08-13T12:55:31.177+05:00 level=INFO msg="GetUserByEmail is starting"
time=2024-08-13T12:55:31.178+05:00 level=INFO msg="GetUserByEmail has finished"
time=2024-08-13T12:55:31.224+05:00 level=INFO msg="GetUserRole is starting"
time=2024-08-13T12:55:31.225+05:00 level=INFO msg="GetUserRole has finished"
time=2024-08-13T12:55:31.225+05:00 level=INFO msg="Storing refresh token" user_id=7c388957-320a-4b49-9ab7-a648dd5ea6f6 refresh_token=eyJhbGciOiJIUzI1NiIsInR5cCI6IkpXVCJ9.eyJleHAiOjE3MjM2MjIxMzEsImlhdCI6MTcyMzUzNTczMSwidXNlcl9pZCI6IjdjMzg4OTU3LTMyMGEtNGI0OS05YWI3LWE2NDhkZDVlYTZmNiJ9.HL8Bc8LBKekUY5GOjF2cISeADoF8yLJV8oBjdauF7Ys expiry=2024-08-14T12:55:31+05:00
time=2024-08-13T12:55:31.232+05:00 level=INFO msg="Login has successfully finished"
time=2024-08-13T12:57:30.525+05:00 level=INFO msg="GetUserProfile is starting"
time=2024-08-13T14:13:56.060+05:00 level=INFO msg="Login function is starting"
time=2024-08-13T14:13:56.061+05:00 level=INFO msg="GetUserByEmail is starting"
time=2024-08-13T14:13:56.063+05:00 level=INFO msg="GetUserByEmail has finished"
time=2024-08-13T14:13:56.109+05:00 level=INFO msg="GetUserRole is starting"
time=2024-08-13T14:13:56.110+05:00 level=INFO msg="GetUserRole has finished"
time=2024-08-13T14:13:56.110+05:00 level=INFO msg="Storing refresh token" user_id=7c388957-320a-4b49-9ab7-a648dd5ea6f6 refresh_token=eyJhbGciOiJIUzI1NiIsInR5cCI6IkpXVCJ9.eyJleHAiOjE3MjM2MjY4MzYsImlhdCI6MTcyMzU0MDQzNiwidXNlcl9pZCI6IjdjMzg4OTU3LTMyMGEtNGI0OS05YWI3LWE2NDhkZDVlYTZmNiJ9.Gmx9W1wHbGoW4357lHy9lhIc0m4YE4Df--xIxAj0pgc expiry=2024-08-14T14:13:56+05:00
time=2024-08-13T14:13:56.116+05:00 level=INFO msg="Login has successfully finished"
time=2024-08-13T15:11:20.023+05:00 level=INFO msg="GetUserProfile is starting"
time=2024-08-13T15:11:32.924+05:00 level=INFO msg="GetUserProfile is starting"
time=2024-08-13T15:14:51.921+05:00 level=INFO msg="Login function is starting"
time=2024-08-13T15:14:51.922+05:00 level=INFO msg="GetUserByEmail is starting"
time=2024-08-13T15:14:51.923+05:00 level=INFO msg="GetUserByEmail has finished"
time=2024-08-13T15:14:51.969+05:00 level=INFO msg="GetUserRole is starting"
time=2024-08-13T15:14:51.970+05:00 level=INFO msg="GetUserRole has finished"
time=2024-08-13T15:14:51.970+05:00 level=INFO msg="Storing refresh token" user_id=7c388957-320a-4b49-9ab7-a648dd5ea6f6 refresh_token=eyJhbGciOiJIUzI1NiIsInR5cCI6IkpXVCJ9.eyJleHAiOjE3MjM2MzA0OTEsImlhdCI6MTcyMzU0NDA5MSwidXNlcl9pZCI6IjdjMzg4OTU3LTMyMGEtNGI0OS05YWI3LWE2NDhkZDVlYTZmNiJ9.iUiwRSmybQKZ-Vyz_Nj5IkrjSIUUCD6jIff02MW0Wzo expiry=2024-08-14T15:14:51+05:00
time=2024-08-13T15:14:51.976+05:00 level=INFO msg="Login has successfully finished"
time=2024-08-13T18:06:41.295+05:00 level=INFO msg="Login function is starting"
time=2024-08-13T18:06:41.296+05:00 level=INFO msg="GetUserByEmail is starting"
time=2024-08-13T18:06:41.296+05:00 level=INFO msg="GetUserByEmail has finished"
time=2024-08-13T18:06:41.343+05:00 level=INFO msg="GetUserRole is starting"
time=2024-08-13T18:06:41.343+05:00 level=INFO msg="GetUserRole has finished"
time=2024-08-13T18:06:41.343+05:00 level=INFO msg="Storing refresh token" user_id=7c388957-320a-4b49-9ab7-a648dd5ea6f6 refresh_token=eyJhbGciOiJIUzI1NiIsInR5cCI6IkpXVCJ9.eyJleHAiOjE3MjM2NDA4MDEsImlhdCI6MTcyMzU1NDQwMSwidXNlcl9pZCI6IjdjMzg4OTU3LTMyMGEtNGI0OS05YWI3LWE2NDhkZDVlYTZmNiJ9.zd0el_vNWQhPsiuxoqgW2EqioWXHwTLJtZ93weVFrvc expiry=2024-08-14T18:06:41+05:00
time=2024-08-13T18:06:41.349+05:00 level=INFO msg="Login has successfully finished"
time=2024-08-13T18:47:01.782+05:00 level=INFO msg="GetUserProfile is starting"
time=2024-08-13T18:48:19.009+05:00 level=INFO msg="GetUserProfile is starting"
time=2024-08-13T18:52:03.502+05:00 level=INFO msg="GetUserProfile is starting"
time=2024-08-13T18:52:29.305+05:00 level=INFO msg="GetUserProfile is starting"
time=2024-08-13T18:55:25.842+05:00 level=INFO msg="GetUserProfile is starting"
time=2024-08-13T19:00:38.082+05:00 level=INFO msg="GetUserProfile is starting"
time=2024-08-13T19:02:19.145+05:00 level=INFO msg="UpdateUserProfile is starting"
time=2024-08-13T19:02:19.147+05:00 level=INFO msg="UpdateUserProfile has finished"
time=2024-08-13T19:04:10.214+05:00 level=INFO msg="GetUserProfile is starting"
time=2024-08-13T19:10:56.357+05:00 level=INFO msg="Login function is starting"
time=2024-08-13T19:10:56.357+05:00 level=INFO msg="GetUserByEmail is starting"
time=2024-08-13T19:10:56.358+05:00 level=INFO msg="GetUserByEmail has finished"
time=2024-08-13T19:10:56.404+05:00 level=INFO msg="GetUserRole is starting"
time=2024-08-13T19:10:56.404+05:00 level=INFO msg="GetUserRole has finished"
time=2024-08-13T19:10:56.405+05:00 level=INFO msg="Storing refresh token" user_id=7c388957-320a-4b49-9ab7-a648dd5ea6f6 refresh_token=eyJhbGciOiJIUzI1NiIsInR5cCI6IkpXVCJ9.eyJleHAiOjE3MjM2NDQ2NTYsImlhdCI6MTcyMzU1ODI1NiwidXNlcl9pZCI6IjdjMzg4OTU3LTMyMGEtNGI0OS05YWI3LWE2NDhkZDVlYTZmNiJ9.IZQgN1Bosdj7fLk5s4J0oEVGbRUuYS_e1FGyK-ERt4I expiry=2024-08-14T19:10:56+05:00
time=2024-08-13T19:10:56.411+05:00 level=INFO msg="Login has successfully finished"
time=2024-08-13T19:11:10.835+05:00 level=INFO msg="GetUserProfile is starting"
time=2024-08-13T19:11:10.835+05:00 level=INFO msg="GetUserProfile has finished"
time=2024-08-13T19:13:49.749+05:00 level=INFO msg="GetUserProfile is starting"
time=2024-08-13T19:13:49.750+05:00 level=INFO msg="GetUserProfile has finished"
time=2024-08-13T19:14:01.048+05:00 level=INFO msg="UpdateUserProfile is starting"
time=2024-08-13T19:14:01.055+05:00 level=INFO msg="UpdateUserProfile has finished"
time=2024-08-13T19:14:20.934+05:00 level=INFO msg="FetchUsers is starting"
time=2024-08-13T19:14:20.935+05:00 level=INFO msg="FetchUsers is finished"
time=2024-08-13T19:14:29.106+05:00 level=INFO msg="FetchUsers is starting"
time=2024-08-13T19:14:29.107+05:00 level=INFO msg="FetchUsers is finished"
time=2024-08-13T19:14:39.633+05:00 level=INFO msg="FetchUsers is starting"
time=2024-08-13T19:14:39.634+05:00 level=INFO msg="FetchUsers is finished"
time=2024-08-13T19:14:46.755+05:00 level=INFO msg="FetchUsers is starting"
time=2024-08-13T19:14:46.756+05:00 level=INFO msg="FetchUsers is finished"
time=2024-08-13T19:14:56.455+05:00 level=INFO msg="FetchUsers is starting"
time=2024-08-13T19:14:56.456+05:00 level=INFO msg="FetchUsers is finished"
time=2024-08-13T19:55:43.817+05:00 level=INFO msg="Login function is starting"
time=2024-08-13T19:55:43.817+05:00 level=INFO msg="GetUserByEmail is starting"
time=2024-08-13T19:55:43.818+05:00 level=ERROR msg="failed to get user by email: sql: no rows in result set"
time=2024-08-13T19:55:43.818+05:00 level=ERROR msg="user not found: failed to get user by email: sql: no rows in result set"
time=2024-08-13T19:55:51.938+05:00 level=INFO msg="Login function is starting"
time=2024-08-13T19:55:51.938+05:00 level=INFO msg="GetUserByEmail is starting"
time=2024-08-13T19:55:51.939+05:00 level=INFO msg="GetUserByEmail has finished"
time=2024-08-13T19:55:51.985+05:00 level=INFO msg="GetUserRole is starting"
time=2024-08-13T19:55:51.985+05:00 level=INFO msg="GetUserRole has finished"
time=2024-08-13T19:55:51.985+05:00 level=INFO msg="Storing refresh token" user_id=7c388957-320a-4b49-9ab7-a648dd5ea6f6 refresh_token=eyJhbGciOiJIUzI1NiIsInR5cCI6IkpXVCJ9.eyJleHAiOjE3MjM2NDczNTEsImlhdCI6MTcyMzU2MDk1MSwidXNlcl9pZCI6IjdjMzg4OTU3LTMyMGEtNGI0OS05YWI3LWE2NDhkZDVlYTZmNiJ9.LL6Cs5a2bQWO-2QCyCZ71pQlkaSNsL8NNwYaS7Hku2k expiry=2024-08-14T19:55:51+05:00
time=2024-08-13T19:55:51.991+05:00 level=INFO msg="Login has successfully finished"
time=2024-08-13T19:56:00.613+05:00 level=INFO msg="Logout function is starting"
time=2024-08-13T19:56:00.619+05:00 level=INFO msg="Logout has successfully finished"
time=2024-08-13T19:56:04.775+05:00 level=INFO msg="Login function is starting"
time=2024-08-13T19:56:04.775+05:00 level=INFO msg="GetUserByEmail is starting"
time=2024-08-13T19:56:04.776+05:00 level=INFO msg="GetUserByEmail has finished"
time=2024-08-13T19:56:04.826+05:00 level=INFO msg="GetUserRole is starting"
time=2024-08-13T19:56:04.827+05:00 level=INFO msg="GetUserRole has finished"
time=2024-08-13T19:56:04.827+05:00 level=INFO msg="Storing refresh token" user_id=7c388957-320a-4b49-9ab7-a648dd5ea6f6 refresh_token=eyJhbGciOiJIUzI1NiIsInR5cCI6IkpXVCJ9.eyJleHAiOjE3MjM2NDczNjQsImlhdCI6MTcyMzU2MDk2NCwidXNlcl9pZCI6IjdjMzg4OTU3LTMyMGEtNGI0OS05YWI3LWE2NDhkZDVlYTZmNiJ9.rD-5E9rNuCYCbcCa5OTojtL6p6Mr2jSeoNRVcL75DmQ expiry=2024-08-14T19:56:04+05:00
time=2024-08-13T19:56:04.833+05:00 level=INFO msg="Login has successfully finished"
time=2024-08-13T19:56:23.732+05:00 level=INFO msg="Refresh function is starting"
time=2024-08-13T19:56:23.733+05:00 level=INFO msg="GetUserById is starting"
time=2024-08-13T19:56:23.733+05:00 level=ERROR msg="failed to get role: sql: converting argument $1 type: unsupported type users.Id, a struct"
time=2024-08-13T19:56:23.733+05:00 level=ERROR msg="user not found: failed to get role: sql: converting argument $1 type: unsupported type users.Id, a struct"
time=2024-08-13T19:58:47.778+05:00 level=INFO msg="Refresh function is starting"
time=2024-08-13T19:58:47.780+05:00 level=INFO msg="GetUserById is starting"
time=2024-08-13T19:58:47.781+05:00 level=ERROR msg="failed to get role: sql: expected 2 destination arguments in Scan, not 3"
time=2024-08-13T19:58:47.781+05:00 level=ERROR msg="user not found: failed to get role: sql: expected 2 destination arguments in Scan, not 3"
time=2024-08-13T19:59:27.790+05:00 level=INFO msg="Refresh function is starting"
time=2024-08-13T19:59:27.791+05:00 level=INFO msg="GetUserById is starting"
time=2024-08-13T19:59:27.792+05:00 level=INFO msg="GetUserById has finished"
time=2024-08-13T19:59:27.792+05:00 level=INFO msg="GetUserRole is starting"
time=2024-08-13T19:59:27.792+05:00 level=INFO msg="GetUserRole has finished"
time=2024-08-13T19:59:27.792+05:00 level=INFO msg="Refresh has successfully finished"
time=2024-08-13T20:04:13.773+05:00 level=INFO msg="Login function is starting"
time=2024-08-13T20:04:13.774+05:00 level=INFO msg="GetUserByEmail is starting"
time=2024-08-13T20:04:13.775+05:00 level=INFO msg="GetUserByEmail has finished"
time=2024-08-13T20:04:13.821+05:00 level=INFO msg="GetUserRole is starting"
time=2024-08-13T20:04:13.821+05:00 level=INFO msg="GetUserRole has finished"
time=2024-08-13T20:04:13.822+05:00 level=INFO msg="Storing refresh token" user_id=7c388957-320a-4b49-9ab7-a648dd5ea6f6 refresh_token=eyJhbGciOiJIUzI1NiIsInR5cCI6IkpXVCJ9.eyJleHAiOjE3MjM2NDc4NTMsImlhdCI6MTcyMzU2MTQ1MywidXNlcl9pZCI6IjdjMzg4OTU3LTMyMGEtNGI0OS05YWI3LWE2NDhkZDVlYTZmNiJ9.V2Pmo8KIOnpGcvzAmEppapqPSuUaHuXahkR2piz739o expiry=2024-08-14T20:04:13+05:00
time=2024-08-13T20:04:13.828+05:00 level=INFO msg="Login has successfully finished"
time=2024-08-13T20:04:23.697+05:00 level=INFO msg="ValidateToken handler is invoked"
time=2024-08-13T20:04:23.698+05:00 level=INFO msg="ValidateToken handler is completed successfully"
time=2024-08-14T08:38:58.630+05:00 level=INFO msg="Login function is starting"
time=2024-08-14T08:38:58.636+05:00 level=INFO msg="GetUserByEmail is starting"
time=2024-08-14T08:38:58.647+05:00 level=INFO msg="GetUserByEmail has finished"
time=2024-08-14T08:38:58.697+05:00 level=INFO msg="GetUserRole is starting"
time=2024-08-14T08:38:58.698+05:00 level=INFO msg="GetUserRole has finished"
time=2024-08-14T08:38:58.698+05:00 level=INFO msg="Storing refresh token" user_id=7c388957-320a-4b49-9ab7-a648dd5ea6f6 refresh_token=eyJhbGciOiJIUzI1NiIsInR5cCI6IkpXVCJ9.eyJleHAiOjE3MjM2OTMxMzgsImlhdCI6MTcyMzYwNjczOCwidXNlcl9pZCI6IjdjMzg4OTU3LTMyMGEtNGI0OS05YWI3LWE2NDhkZDVlYTZmNiJ9.nDpq5AhYY1n7euLqZNDo7-JZaHWwpkO6rOQVp2MxGeg expiry=2024-08-15T08:38:58+05:00
time=2024-08-14T08:38:58.700+05:00 level=INFO msg="Login has successfully finished"
time=2024-08-14T10:31:32.651+05:00 level=INFO msg="Login function is starting"
time=2024-08-14T10:31:32.656+05:00 level=INFO msg="GetUserByEmail is starting"
time=2024-08-14T10:31:32.658+05:00 level=INFO msg="GetUserByEmail has finished"
time=2024-08-14T10:31:32.705+05:00 level=INFO msg="GetUserRole is starting"
time=2024-08-14T10:31:32.706+05:00 level=INFO msg="GetUserRole has finished"
time=2024-08-14T10:31:32.706+05:00 level=INFO msg="Storing refresh token" user_id=7c388957-320a-4b49-9ab7-a648dd5ea6f6 refresh_token=eyJhbGciOiJIUzI1NiIsInR5cCI6IkpXVCJ9.eyJleHAiOjE3MjM2OTk4OTIsImlhdCI6MTcyMzYxMzQ5MiwidXNlcl9pZCI6IjdjMzg4OTU3LTMyMGEtNGI0OS05YWI3LWE2NDhkZDVlYTZmNiJ9.edi69tU6PdWMhAb2eN0tPh3iNLzE4nbmtaK2j3M8oMM expiry=2024-08-15T10:31:32+05:00
time=2024-08-14T10:31:32.707+05:00 level=INFO msg="Login has successfully finished"
time=2024-08-14T11:04:49.021+05:00 level=INFO msg="Register function is starting"
time=2024-08-14T11:04:49.066+05:00 level=INFO msg="Registering user"
time=2024-08-14T11:04:49.073+05:00 level=INFO msg="Register has successfully finished"
time=2024-08-14T11:05:35.046+05:00 level=INFO msg="Login function is starting"
time=2024-08-14T11:05:35.046+05:00 level=INFO msg="GetUserByEmail is starting"
time=2024-08-14T11:05:35.047+05:00 level=INFO msg="GetUserByEmail has finished"
time=2024-08-14T11:05:35.093+05:00 level=INFO msg="GetUserRole is starting"
time=2024-08-14T11:05:35.094+05:00 level=INFO msg="GetUserRole has finished"
time=2024-08-14T11:05:35.094+05:00 level=INFO msg="Storing refresh token" user_id=51fcc0d1-5590-4934-be32-f67864576ae8 refresh_token=eyJhbGciOiJIUzI1NiIsInR5cCI6IkpXVCJ9.eyJleHAiOjE3MjM3MDE5MzUsImlhdCI6MTcyMzYxNTUzNSwidXNlcl9pZCI6IjUxZmNjMGQxLTU1OTAtNDkzNC1iZTMyLWY2Nzg2NDU3NmFlOCJ9.9sA_Rl1K9fLdbMq9HKWN5Gern5WEl4OKwM8Ufc0SkP4 expiry=2024-08-15T11:05:35+05:00
time=2024-08-14T11:05:35.095+05:00 level=INFO msg="Login has successfully finished"
time=2024-08-14T11:08:24.319+05:00 level=INFO msg="UpdateUserProfile is starting"
time=2024-08-14T11:08:24.325+05:00 level=ERROR msg="failed to update profile: pq: invalid input syntax for type uuid: \"\""
time=2024-08-14T11:10:13.474+05:00 level=INFO msg="UpdateUserProfile is starting"
time=2024-08-14T11:10:13.474+05:00 level=ERROR msg="failed to update profile: pq: invalid input syntax for type uuid: \"\""
time=2024-08-14T11:21:00.602+05:00 level=INFO msg="UpdateUserProfile is starting"
time=2024-08-14T11:21:00.602+05:00 level=ERROR msg="failed to update profile: pq: invalid input syntax for type uuid: \"string\""
time=2024-08-14T11:21:33.153+05:00 level=INFO msg="UpdateUserProfile is starting"
time=2024-08-14T11:21:33.153+05:00 level=ERROR msg="failed to update profile: pq: new row for relation \"users\" violates check constraint \"users_role_check\""
time=2024-08-14T11:21:46.679+05:00 level=INFO msg="UpdateUserProfile is starting"
time=2024-08-14T11:21:46.686+05:00 level=INFO msg="UpdateUserProfile has finished"
time=2024-08-14T11:21:57.764+05:00 level=INFO msg="UpdateUserProfile is starting"
time=2024-08-14T11:21:57.770+05:00 level=INFO msg="UpdateUserProfile has finished"
time=2024-08-14T11:25:11.507+05:00 level=INFO msg="UpdateUserProfile is starting"
time=2024-08-14T11:25:11.508+05:00 level=ERROR msg="failed to update profile: pq: new row for relation \"users\" violates check constraint \"users_role_check\""
time=2024-08-14T11:25:20.459+05:00 level=INFO msg="UpdateUserProfile is starting"
time=2024-08-14T11:25:20.465+05:00 level=INFO msg="UpdateUserProfile has finished"
time=2024-08-14T11:25:54.355+05:00 level=INFO msg="GetUserProfile is starting"
time=2024-08-14T11:25:54.355+05:00 level=ERROR msg="failed to get profile: pq: invalid input syntax for type uuid: \"\""
time=2024-08-14T11:26:57.187+05:00 level=INFO msg="GetAdminProfile is starting"
time=2024-08-14T11:26:57.187+05:00 level=ERROR msg="failed to get profile: sql: converting argument $1 type: unsupported type users.Id, a struct"
time=2024-08-14T11:28:13.455+05:00 level=INFO msg="GetAdminProfile is starting"
time=2024-08-14T11:28:13.456+05:00 level=INFO msg="GetAdminProfile has finished"
time=2024-08-14T11:28:30.591+05:00 level=INFO msg="DeleteUser is starting"
time=2024-08-14T11:28:30.598+05:00 level=INFO msg="DeleteUser is finished"
time=2024-08-14T11:28:41.988+05:00 level=INFO msg="FetchUsers is starting"
time=2024-08-14T11:28:41.989+05:00 level=INFO msg="FetchUsers is finished"
time=2024-08-14T11:37:54.729+05:00 level=INFO msg="Login function is starting"
time=2024-08-14T11:37:54.729+05:00 level=INFO msg="GetUserByEmail is starting"
time=2024-08-14T11:37:54.730+05:00 level=ERROR msg="failed to get user by email: sql: no rows in result set"
time=2024-08-14T11:37:54.730+05:00 level=ERROR msg="user not found: failed to get user by email: sql: no rows in result set"
time=2024-08-14T11:38:28.552+05:00 level=INFO msg="Login function is starting"
time=2024-08-14T11:38:28.552+05:00 level=INFO msg="GetUserByEmail is starting"
time=2024-08-14T11:38:28.552+05:00 level=INFO msg="GetUserByEmail has finished"
time=2024-08-14T11:38:28.598+05:00 level=INFO msg="GetUserRole is starting"
time=2024-08-14T11:38:28.598+05:00 level=INFO msg="GetUserRole has finished"
time=2024-08-14T11:38:28.598+05:00 level=INFO msg="Storing refresh token" user_id=7c388957-320a-4b49-9ab7-a648dd5ea6f6 refresh_token=eyJhbGciOiJIUzI1NiIsInR5cCI6IkpXVCJ9.eyJleHAiOjE3MjM3MDM5MDgsImlhdCI6MTcyMzYxNzUwOCwidXNlcl9pZCI6IjdjMzg4OTU3LTMyMGEtNGI0OS05YWI3LWE2NDhkZDVlYTZmNiJ9.vhyNxJBPaLwk3q9M0ALITDAyZGIwIx5cBAK_qoIiG6M expiry=2024-08-15T11:38:28+05:00
time=2024-08-14T11:38:28.604+05:00 level=INFO msg="Login has successfully finished"
time=2024-08-14T11:40:09.129+05:00 level=INFO msg="GetAdminProfile is starting"
time=2024-08-14T11:40:09.129+05:00 level=INFO msg="GetAdminProfile has finished"
time=2024-08-14T11:41:27.869+05:00 level=INFO msg="Login function is starting"
time=2024-08-14T11:41:27.870+05:00 level=INFO msg="GetUserByEmail is starting"
time=2024-08-14T11:41:27.871+05:00 level=INFO msg="GetUserByEmail has finished"
time=2024-08-14T11:41:27.921+05:00 level=INFO msg="GetUserRole is starting"
time=2024-08-14T11:41:27.922+05:00 level=INFO msg="GetUserRole has finished"
time=2024-08-14T11:41:27.922+05:00 level=INFO msg="Storing refresh token" user_id=7c388957-320a-4b49-9ab7-a648dd5ea6f6 refresh_token=eyJhbGciOiJIUzI1NiIsInR5cCI6IkpXVCJ9.eyJleHAiOjE3MjM3MDQwODcsImlhdCI6MTcyMzYxNzY4NywidXNlcl9pZCI6IjdjMzg4OTU3LTMyMGEtNGI0OS05YWI3LWE2NDhkZDVlYTZmNiJ9.BbbVSfu06U3SW1IYwvOVeVTMcTPAY_UeK9TMEvmqu2s expiry=2024-08-15T11:41:27+05:00
time=2024-08-14T11:41:27.928+05:00 level=INFO msg="Login has successfully finished"
time=2024-08-14T11:42:20.100+05:00 level=INFO msg="Login function is starting"
time=2024-08-14T11:42:20.100+05:00 level=INFO msg="GetUserByEmail is starting"
time=2024-08-14T11:42:20.101+05:00 level=INFO msg="GetUserByEmail has finished"
time=2024-08-14T11:42:20.147+05:00 level=INFO msg="GetUserRole is starting"
time=2024-08-14T11:42:20.148+05:00 level=INFO msg="GetUserRole has finished"
time=2024-08-14T11:42:20.148+05:00 level=INFO msg="Storing refresh token" user_id=3d653765-b10b-4c9b-86ff-0ccecd936db2 refresh_token=eyJhbGciOiJIUzI1NiIsInR5cCI6IkpXVCJ9.eyJleHAiOjE3MjM3MDQxNDAsImlhdCI6MTcyMzYxNzc0MCwidXNlcl9pZCI6IjNkNjUzNzY1LWIxMGItNGM5Yi04NmZmLTBjY2VjZDkzNmRiMiJ9.oWrC8Ds-gC1CPgObjfpKfrHToAZZJ93flyZUygu4FNY expiry=2024-08-15T11:42:20+05:00
time=2024-08-14T11:42:20.154+05:00 level=INFO msg="Login has successfully finished"
time=2024-08-14T13:24:42.752+05:00 level=INFO msg="Login function is starting"
time=2024-08-14T13:24:42.758+05:00 level=INFO msg="GetUserByEmail is starting"
time=2024-08-14T13:24:42.759+05:00 level=INFO msg="GetUserByEmail has finished"
time=2024-08-14T13:24:42.805+05:00 level=INFO msg="GetUserRole is starting"
time=2024-08-14T13:24:42.806+05:00 level=INFO msg="GetUserRole has finished"
time=2024-08-14T13:24:42.806+05:00 level=INFO msg="Storing refresh token" user_id=7c388957-320a-4b49-9ab7-a648dd5ea6f6 refresh_token=eyJhbGciOiJIUzI1NiIsInR5cCI6IkpXVCJ9.eyJleHAiOjE3MjM3MTAyODIsImlhdCI6MTcyMzYyMzg4MiwidXNlcl9pZCI6IjdjMzg4OTU3LTMyMGEtNGI0OS05YWI3LWE2NDhkZDVlYTZmNiJ9.FlBnR8WFc-JurQ7WsOVU-rfrgQoi4dNYIypK5-j6ekE expiry=2024-08-15T13:24:42+05:00
time=2024-08-14T13:24:42.808+05:00 level=INFO msg="Login has successfully finished"
time=2024-08-14T14:00:33.739+05:00 level=INFO msg="Login function is starting"
time=2024-08-14T14:00:33.739+05:00 level=INFO msg="GetUserByEmail is starting"
time=2024-08-14T14:00:33.740+05:00 level=INFO msg="GetUserByEmail has finished"
time=2024-08-14T14:00:33.787+05:00 level=INFO msg="GetUserRole is starting"
time=2024-08-14T14:00:33.788+05:00 level=INFO msg="GetUserRole has finished"
time=2024-08-14T14:00:33.788+05:00 level=INFO msg="Storing refresh token" user_id=7c388957-320a-4b49-9ab7-a648dd5ea6f6 refresh_token=eyJhbGciOiJIUzI1NiIsInR5cCI6IkpXVCJ9.eyJleHAiOjE3MjM3MTI0MzMsImlhdCI6MTcyMzYyNjAzMywidXNlcl9pZCI6IjdjMzg4OTU3LTMyMGEtNGI0OS05YWI3LWE2NDhkZDVlYTZmNiJ9.QMhWo5QhoElI9t29fKCTqwNogWVuHfuKbC5_BZ_qia4 expiry=2024-08-15T14:00:33+05:00
time=2024-08-14T14:00:33.789+05:00 level=INFO msg="Login has successfully finished"
time=2024-08-14T23:43:30.135+05:00 level=INFO msg="Register function is starting"
time=2024-08-14T23:43:30.186+05:00 level=INFO msg="Registering user"
time=2024-08-14T23:43:30.203+05:00 level=INFO msg="Register has successfully finished"
time=2024-08-14T23:43:53.634+05:00 level=INFO msg="Login function is starting"
time=2024-08-14T23:43:53.634+05:00 level=INFO msg="GetUserByEmail is starting"
time=2024-08-14T23:43:53.646+05:00 level=INFO msg="GetUserByEmail has finished"
time=2024-08-14T23:43:53.700+05:00 level=INFO msg="GetUserRole is starting"
time=2024-08-14T23:43:53.701+05:00 level=INFO msg="GetUserRole has finished"
time=2024-08-14T23:43:53.701+05:00 level=INFO msg="Storing refresh token" user_id=1e61c246-072b-4223-a8ec-a1f58cec1437 refresh_token=eyJhbGciOiJIUzI1NiIsInR5cCI6IkpXVCJ9.eyJleHAiOjE3MjM3NDc0MzMsImlhdCI6MTcyMzY2MTAzMywidXNlcl9pZCI6IjFlNjFjMjQ2LTA3MmItNDIyMy1hOGVjLWExZjU4Y2VjMTQzNyJ9.i8KWwCg5xeYFn1d57NNaLWudq4Ilip8EV4mufRc-hVw expiry=2024-08-15T23:43:53+05:00
time=2024-08-14T23:43:53.704+05:00 level=INFO msg="Login has successfully finished"
time=2024-08-14T23:46:07.685+05:00 level=INFO msg="Register function is starting"
time=2024-08-14T23:46:07.734+05:00 level=INFO msg="Registering user"
time=2024-08-14T23:46:07.736+05:00 level=INFO msg="Register has successfully finished"
time=2024-08-14T23:46:19.977+05:00 level=INFO msg="Login function is starting"
time=2024-08-14T23:46:19.977+05:00 level=INFO msg="GetUserByEmail is starting"
time=2024-08-14T23:46:19.978+05:00 level=INFO msg="GetUserByEmail has finished"
time=2024-08-14T23:46:20.027+05:00 level=INFO msg="GetUserRole is starting"
time=2024-08-14T23:46:20.028+05:00 level=INFO msg="GetUserRole has finished"
time=2024-08-14T23:46:20.028+05:00 level=INFO msg="Storing refresh token" user_id=a9ab1660-911f-4b0f-919c-0508bdfd23e9 refresh_token=eyJhbGciOiJIUzI1NiIsInR5cCI6IkpXVCJ9.eyJleHAiOjE3MjM3NDc1ODAsImlhdCI6MTcyMzY2MTE4MCwidXNlcl9pZCI6ImE5YWIxNjYwLTkxMWYtNGIwZi05MTljLTA1MDhiZGZkMjNlOSJ9.t14qQov7Uqk2tfeXAVHsB6NTxy8ZN45j56E1e5qyPF4 expiry=2024-08-15T23:46:20+05:00
time=2024-08-14T23:46:20.039+05:00 level=INFO msg="Login has successfully finished"
time=2024-08-15T15:37:26.258+05:00 level=INFO msg="Login function is starting"
time=2024-08-15T15:37:26.264+05:00 level=INFO msg="GetUserByEmail is starting"
time=2024-08-15T15:37:26.316+05:00 level=INFO msg="GetUserByEmail has finished"
time=2024-08-15T15:37:26.375+05:00 level=INFO msg="GetUserRole is starting"
time=2024-08-15T15:37:26.377+05:00 level=INFO msg="GetUserRole has finished"
time=2024-08-15T15:37:26.379+05:00 level=INFO msg="Storing refresh token" user_id=1e61c246-072b-4223-a8ec-a1f58cec1437 refresh_token=eyJhbGciOiJIUzI1NiIsInR5cCI6IkpXVCJ9.eyJleHAiOjE3MjM4MDQ2NDYsImlhdCI6MTcyMzcxODI0NiwidXNlcl9pZCI6IjFlNjFjMjQ2LTA3MmItNDIyMy1hOGVjLWExZjU4Y2VjMTQzNyJ9.TTEzuefxpGLDcUjGoyN7yRQa_W07cUF8bwBEk6h4LzE expiry=2024-08-16T15:37:26+05:00
time=2024-08-15T15:37:26.385+05:00 level=INFO msg="Login has successfully finished"
time=2024-08-15T15:41:19.097+05:00 level=INFO msg="Login function is starting"
time=2024-08-15T15:41:19.097+05:00 level=INFO msg="GetUserByEmail is starting"
time=2024-08-15T15:41:19.097+05:00 level=INFO msg="GetUserByEmail has finished"
time=2024-08-15T15:41:19.151+05:00 level=INFO msg="GetUserRole is starting"
time=2024-08-15T15:41:19.152+05:00 level=INFO msg="GetUserRole has finished"
time=2024-08-15T15:41:19.153+05:00 level=INFO msg="Storing refresh token" user_id=fcb9cb7d-6be1-4ab2-81b1-4a785fcfdcf7 refresh_token=eyJhbGciOiJIUzI1NiIsInR5cCI6IkpXVCJ9.eyJleHAiOjE3MjM4MDQ4NzksImlhdCI6MTcyMzcxODQ3OSwidXNlcl9pZCI6ImZjYjljYjdkLTZiZTEtNGFiMi04MWIxLTRhNzg1ZmNmZGNmNyJ9.RhEEpjbQCf95zcWLKGM490bS7epJGZsxX9_rm9ZNq6U expiry=2024-08-16T15:41:19+05:00
time=2024-08-15T15:41:19.155+05:00 level=INFO msg="Login has successfully finished"
time=2024-08-15T15:43:54.484+05:00 level=INFO msg="Login function is starting"
time=2024-08-15T15:43:54.484+05:00 level=INFO msg="GetUserByEmail is starting"
time=2024-08-15T15:43:54.485+05:00 level=INFO msg="GetUserByEmail has finished"
time=2024-08-15T15:43:54.534+05:00 level=INFO msg="GetUserRole is starting"
time=2024-08-15T15:43:54.535+05:00 level=INFO msg="GetUserRole has finished"
time=2024-08-15T15:43:54.536+05:00 level=INFO msg="Storing refresh token" user_id=a9ab1660-911f-4b0f-919c-0508bdfd23e9 refresh_token=eyJhbGciOiJIUzI1NiIsInR5cCI6IkpXVCJ9.eyJleHAiOjE3MjM4MDUwMzQsImlhdCI6MTcyMzcxODYzNCwidXNlcl9pZCI6ImE5YWIxNjYwLTkxMWYtNGIwZi05MTljLTA1MDhiZGZkMjNlOSJ9.8Iy-E71fzUN4ivVXrkHyzGnN77gvVS2J-1HkKz7Xo_E expiry=2024-08-16T15:43:54+05:00
time=2024-08-15T15:43:54.538+05:00 level=INFO msg="Login has successfully finished"
time=2024-08-15T15:59:21.665+05:00 level=INFO msg="Login function is starting"
time=2024-08-15T15:59:21.665+05:00 level=INFO msg="GetUserByEmail is starting"
time=2024-08-15T15:59:21.666+05:00 level=INFO msg="GetUserByEmail has finished"
time=2024-08-15T15:59:21.715+05:00 level=INFO msg="GetUserRole is starting"
time=2024-08-15T15:59:21.716+05:00 level=INFO msg="GetUserRole has finished"
time=2024-08-15T15:59:21.716+05:00 level=INFO msg="Storing refresh token" user_id=1e61c246-072b-4223-a8ec-a1f58cec1437 refresh_token=eyJhbGciOiJIUzI1NiIsInR5cCI6IkpXVCJ9.eyJleHAiOjE3MjM4MDU5NjEsImlhdCI6MTcyMzcxOTU2MSwidXNlcl9pZCI6IjFlNjFjMjQ2LTA3MmItNDIyMy1hOGVjLWExZjU4Y2VjMTQzNyJ9.80X4NL85ykWmazPz4C9tQ6DQ74GybK5fvic2_AJMfto expiry=2024-08-16T15:59:21+05:00
time=2024-08-15T15:59:21.719+05:00 level=INFO msg="Login has successfully finished"
time=2024-08-15T16:01:41.814+05:00 level=INFO msg="Login function is starting"
time=2024-08-15T16:01:41.814+05:00 level=INFO msg="GetUserByEmail is starting"
time=2024-08-15T16:01:41.815+05:00 level=INFO msg="GetUserByEmail has finished"
time=2024-08-15T16:01:41.865+05:00 level=INFO msg="GetUserRole is starting"
time=2024-08-15T16:01:41.865+05:00 level=INFO msg="GetUserRole has finished"
time=2024-08-15T16:01:41.866+05:00 level=INFO msg="Storing refresh token" user_id=1e61c246-072b-4223-a8ec-a1f58cec1437 refresh_token=eyJhbGciOiJIUzI1NiIsInR5cCI6IkpXVCJ9.eyJleHAiOjE3MjM4MDYxMDEsImlhdCI6MTcyMzcxOTcwMSwidXNlcl9pZCI6IjFlNjFjMjQ2LTA3MmItNDIyMy1hOGVjLWExZjU4Y2VjMTQzNyJ9.Nde9lOEyMh1-SR80BXkTG9Uai-Zh0j_UX8ifjcNUGJU expiry=2024-08-16T16:01:41+05:00
time=2024-08-15T16:01:41.867+05:00 level=INFO msg="Login has successfully finished"
time=2024-08-15T16:01:53.584+05:00 level=INFO msg="GetUserProfile is starting"
time=2024-08-15T16:01:53.586+05:00 level=INFO msg="GetUserProfile has finished"
time=2024-08-15T16:02:14.404+05:00 level=INFO msg="UpdateUserProfile is starting"
time=2024-08-15T16:02:14.406+05:00 level=INFO msg="UpdateUserProfile has finished"
